     Creating library C:\Users\Miles\documents\visual studio 2015\Projects\WwiseSharpUWP\Release\WwiseSharpUWP\WwiseSharp.lib and object C:\Users\Miles\documents\visual studio 2015\Projects\WwiseSharpUWP\Release\WwiseSharpUWP\WwiseSharp.exp
  Generating code
  0 of 1117 functions ( 0.0%) were compiled, the rest were copied from previous compilation.
    0 functions were new in current compilation
    0 functions had inline decision re-evaluated but remain unchanged
  Finished generating code
WwiseWrapper.lib(InitAkStereoDelayFX.obj) : warning LNK4099: PDB 'AkStereoDelayFX.pdb' was not found with 'WwiseWrapper.lib(InitAkStereoDelayFX.obj)' or at 'C:\Users\Miles\documents\visual studio 2015\Projects\WwiseSharpUWP\Release\WwiseSharpUWP\AkStereoDelayFX.pdb'; linking object as if no debug info
WwiseWrapper.lib(AkStereoDelayLine.obj) : warning LNK4099: PDB 'AkStereoDelayFX.pdb' was not found with 'WwiseWrapper.lib(AkStereoDelayLine.obj)' or at 'C:\Users\Miles\documents\visual studio 2015\Projects\WwiseSharpUWP\Release\WwiseSharpUWP\AkStereoDelayFX.pdb'; linking object as if no debug info
WwiseWrapper.lib(AkStereoDelayFXParams.obj) : warning LNK4099: PDB 'AkStereoDelayFX.pdb' was not found with 'WwiseWrapper.lib(AkStereoDelayFXParams.obj)' or at 'C:\Users\Miles\documents\visual studio 2015\Projects\WwiseSharpUWP\Release\WwiseSharpUWP\AkStereoDelayFX.pdb'; linking object as if no debug info
WwiseWrapper.lib(AkStereoDelayFX.obj) : warning LNK4099: PDB 'AkStereoDelayFX.pdb' was not found with 'WwiseWrapper.lib(AkStereoDelayFX.obj)' or at 'C:\Users\Miles\documents\visual studio 2015\Projects\WwiseSharpUWP\Release\WwiseSharpUWP\AkStereoDelayFX.pdb'; linking object as if no debug info
WwiseWrapper.lib(AkStereoDelayDSPProcess.obj) : warning LNK4099: PDB 'AkStereoDelayFX.pdb' was not found with 'WwiseWrapper.lib(AkStereoDelayDSPProcess.obj)' or at 'C:\Users\Miles\documents\visual studio 2015\Projects\WwiseSharpUWP\Release\WwiseSharpUWP\AkStereoDelayFX.pdb'; linking object as if no debug info
WwiseWrapper.lib(InitAkPeakLimiterFX.obj) : warning LNK4099: PDB 'AkPeakLimiterFX.pdb' was not found with 'WwiseWrapper.lib(InitAkPeakLimiterFX.obj)' or at 'C:\Users\Miles\documents\visual studio 2015\Projects\WwiseSharpUWP\Release\WwiseSharpUWP\AkPeakLimiterFX.pdb'; linking object as if no debug info
WwiseWrapper.lib(AkPeakLimiterFXParams.obj) : warning LNK4099: PDB 'AkPeakLimiterFX.pdb' was not found with 'WwiseWrapper.lib(AkPeakLimiterFXParams.obj)' or at 'C:\Users\Miles\documents\visual studio 2015\Projects\WwiseSharpUWP\Release\WwiseSharpUWP\AkPeakLimiterFX.pdb'; linking object as if no debug info
WwiseWrapper.lib(AkPeakLimiterFX.obj) : warning LNK4099: PDB 'AkPeakLimiterFX.pdb' was not found with 'WwiseWrapper.lib(AkPeakLimiterFX.obj)' or at 'C:\Users\Miles\documents\visual studio 2015\Projects\WwiseSharpUWP\Release\WwiseSharpUWP\AkPeakLimiterFX.pdb'; linking object as if no debug info
WwiseWrapper.lib(OnePoleZeroHPFilter.obj) : warning LNK4099: PDB 'AkRoomVerbFX.pdb' was not found with 'WwiseWrapper.lib(OnePoleZeroHPFilter.obj)' or at 'C:\Users\Miles\documents\visual studio 2015\Projects\WwiseSharpUWP\Release\WwiseSharpUWP\AkRoomVerbFX.pdb'; linking object as if no debug info
WwiseWrapper.lib(Mix3Interp.obj) : warning LNK4099: PDB 'AkRoomVerbFX.pdb' was not found with 'WwiseWrapper.lib(Mix3Interp.obj)' or at 'C:\Users\Miles\documents\visual studio 2015\Projects\WwiseSharpUWP\Release\WwiseSharpUWP\AkRoomVerbFX.pdb'; linking object as if no debug info
WwiseWrapper.lib(Mix2Interp.obj) : warning LNK4099: PDB 'AkRoomVerbFX.pdb' was not found with 'WwiseWrapper.lib(Mix2Interp.obj)' or at 'C:\Users\Miles\documents\visual studio 2015\Projects\WwiseSharpUWP\Release\WwiseSharpUWP\AkRoomVerbFX.pdb'; linking object as if no debug info
WwiseWrapper.lib(DelayLine.obj) : warning LNK4099: PDB 'AkRoomVerbFX.pdb' was not found with 'WwiseWrapper.lib(DelayLine.obj)' or at 'C:\Users\Miles\documents\visual studio 2015\Projects\WwiseSharpUWP\Release\WwiseSharpUWP\AkRoomVerbFX.pdb'; linking object as if no debug info
WwiseWrapper.lib(ConstantPowerChannelMixdown.obj) : warning LNK4099: PDB 'AkRoomVerbFX.pdb' was not found with 'WwiseWrapper.lib(ConstantPowerChannelMixdown.obj)' or at 'C:\Users\Miles\documents\visual studio 2015\Projects\WwiseSharpUWP\Release\WwiseSharpUWP\AkRoomVerbFX.pdb'; linking object as if no debug info
WwiseWrapper.lib(AllpassFilter.obj) : warning LNK4099: PDB 'AkRoomVerbFX.pdb' was not found with 'WwiseWrapper.lib(AllpassFilter.obj)' or at 'C:\Users\Miles\documents\visual studio 2015\Projects\WwiseSharpUWP\Release\WwiseSharpUWP\AkRoomVerbFX.pdb'; linking object as if no debug info
WwiseWrapper.lib(InitAkRoomVerbFX.obj) : warning LNK4099: PDB 'AkRoomVerbFX.pdb' was not found with 'WwiseWrapper.lib(InitAkRoomVerbFX.obj)' or at 'C:\Users\Miles\documents\visual studio 2015\Projects\WwiseSharpUWP\Release\WwiseSharpUWP\AkRoomVerbFX.pdb'; linking object as if no debug info
WwiseWrapper.lib(FDN4.obj) : warning LNK4099: PDB 'AkRoomVerbFX.pdb' was not found with 'WwiseWrapper.lib(FDN4.obj)' or at 'C:\Users\Miles\documents\visual studio 2015\Projects\WwiseSharpUWP\Release\WwiseSharpUWP\AkRoomVerbFX.pdb'; linking object as if no debug info
WwiseWrapper.lib(ERUnitDual.obj) : warning LNK4099: PDB 'AkRoomVerbFX.pdb' was not found with 'WwiseWrapper.lib(ERUnitDual.obj)' or at 'C:\Users\Miles\documents\visual studio 2015\Projects\WwiseSharpUWP\Release\WwiseSharpUWP\AkRoomVerbFX.pdb'; linking object as if no debug info
WwiseWrapper.lib(AkRoomVerbFXParams.obj) : warning LNK4099: PDB 'AkRoomVerbFX.pdb' was not found with 'WwiseWrapper.lib(AkRoomVerbFXParams.obj)' or at 'C:\Users\Miles\documents\visual studio 2015\Projects\WwiseSharpUWP\Release\WwiseSharpUWP\AkRoomVerbFX.pdb'; linking object as if no debug info
WwiseWrapper.lib(AkRoomVerbFX.obj) : warning LNK4099: PDB 'AkRoomVerbFX.pdb' was not found with 'WwiseWrapper.lib(AkRoomVerbFX.obj)' or at 'C:\Users\Miles\documents\visual studio 2015\Projects\WwiseSharpUWP\Release\WwiseSharpUWP\AkRoomVerbFX.pdb'; linking object as if no debug info
WwiseWrapper.lib(InitAkMeterFX.obj) : warning LNK4099: PDB 'AkMeterFX.pdb' was not found with 'WwiseWrapper.lib(InitAkMeterFX.obj)' or at 'C:\Users\Miles\documents\visual studio 2015\Projects\WwiseSharpUWP\Release\WwiseSharpUWP\AkMeterFX.pdb'; linking object as if no debug info
WwiseWrapper.lib(AkMeterManager.obj) : warning LNK4099: PDB 'AkMeterFX.pdb' was not found with 'WwiseWrapper.lib(AkMeterManager.obj)' or at 'C:\Users\Miles\documents\visual studio 2015\Projects\WwiseSharpUWP\Release\WwiseSharpUWP\AkMeterFX.pdb'; linking object as if no debug info
WwiseWrapper.lib(AkMeterFXParams.obj) : warning LNK4099: PDB 'AkMeterFX.pdb' was not found with 'WwiseWrapper.lib(AkMeterFXParams.obj)' or at 'C:\Users\Miles\documents\visual studio 2015\Projects\WwiseSharpUWP\Release\WwiseSharpUWP\AkMeterFX.pdb'; linking object as if no debug info
WwiseWrapper.lib(AkMeterFX.obj) : warning LNK4099: PDB 'AkMeterFX.pdb' was not found with 'WwiseWrapper.lib(AkMeterFX.obj)' or at 'C:\Users\Miles\documents\visual studio 2015\Projects\WwiseSharpUWP\Release\WwiseSharpUWP\AkMeterFX.pdb'; linking object as if no debug info
WwiseWrapper.lib(AkVorbisCodec.obj) : warning LNK4099: PDB 'AkVorbisDecoder.pdb' was not found with 'WwiseWrapper.lib(AkVorbisCodec.obj)' or at 'C:\Users\Miles\documents\visual studio 2015\Projects\WwiseSharpUWP\Release\WwiseSharpUWP\AkVorbisDecoder.pdb'; linking object as if no debug info
WwiseWrapper.lib(res012.obj) : warning LNK4099: PDB 'AkVorbisDecoder.pdb' was not found with 'WwiseWrapper.lib(res012.obj)' or at 'C:\Users\Miles\documents\visual studio 2015\Projects\WwiseSharpUWP\Release\WwiseSharpUWP\AkVorbisDecoder.pdb'; linking object as if no debug info
WwiseWrapper.lib(packed_codebooks.obj) : warning LNK4099: PDB 'AkVorbisDecoder.pdb' was not found with 'WwiseWrapper.lib(packed_codebooks.obj)' or at 'C:\Users\Miles\documents\visual studio 2015\Projects\WwiseSharpUWP\Release\WwiseSharpUWP\AkVorbisDecoder.pdb'; linking object as if no debug info
WwiseWrapper.lib(mapping0.obj) : warning LNK4099: PDB 'AkVorbisDecoder.pdb' was not found with 'WwiseWrapper.lib(mapping0.obj)' or at 'C:\Users\Miles\documents\visual studio 2015\Projects\WwiseSharpUWP\Release\WwiseSharpUWP\AkVorbisDecoder.pdb'; linking object as if no debug info
WwiseWrapper.lib(info.obj) : warning LNK4099: PDB 'AkVorbisDecoder.pdb' was not found with 'WwiseWrapper.lib(info.obj)' or at 'C:\Users\Miles\documents\visual studio 2015\Projects\WwiseSharpUWP\Release\WwiseSharpUWP\AkVorbisDecoder.pdb'; linking object as if no debug info
WwiseWrapper.lib(bitwise.obj) : warning LNK4099: PDB 'AkVorbisDecoder.pdb' was not found with 'WwiseWrapper.lib(bitwise.obj)' or at 'C:\Users\Miles\documents\visual studio 2015\Projects\WwiseSharpUWP\Release\WwiseSharpUWP\AkVorbisDecoder.pdb'; linking object as if no debug info
WwiseWrapper.lib(codebook.obj) : warning LNK4099: PDB 'AkVorbisDecoder.pdb' was not found with 'WwiseWrapper.lib(codebook.obj)' or at 'C:\Users\Miles\documents\visual studio 2015\Projects\WwiseSharpUWP\Release\WwiseSharpUWP\AkVorbisDecoder.pdb'; linking object as if no debug info
WwiseWrapper.lib(floor_lookup.obj) : warning LNK4099: PDB 'AkVorbisDecoder.pdb' was not found with 'WwiseWrapper.lib(floor_lookup.obj)' or at 'C:\Users\Miles\documents\visual studio 2015\Projects\WwiseSharpUWP\Release\WwiseSharpUWP\AkVorbisDecoder.pdb'; linking object as if no debug info
WwiseWrapper.lib(floor1.obj) : warning LNK4099: PDB 'AkVorbisDecoder.pdb' was not found with 'WwiseWrapper.lib(floor1.obj)' or at 'C:\Users\Miles\documents\visual studio 2015\Projects\WwiseSharpUWP\Release\WwiseSharpUWP\AkVorbisDecoder.pdb'; linking object as if no debug info
WwiseWrapper.lib(SinCosGen.obj) : warning LNK4099: PDB 'AkVorbisDecoder.pdb' was not found with 'WwiseWrapper.lib(SinCosGen.obj)' or at 'C:\Users\Miles\documents\visual studio 2015\Projects\WwiseSharpUWP\Release\WwiseSharpUWP\AkVorbisDecoder.pdb'; linking object as if no debug info
WwiseWrapper.lib(mdct_SIMD.obj) : warning LNK4099: PDB 'AkVorbisDecoder.pdb' was not found with 'WwiseWrapper.lib(mdct_SIMD.obj)' or at 'C:\Users\Miles\documents\visual studio 2015\Projects\WwiseSharpUWP\Release\WwiseSharpUWP\AkVorbisDecoder.pdb'; linking object as if no debug info
WwiseWrapper.lib(dsp.obj) : warning LNK4099: PDB 'AkVorbisDecoder.pdb' was not found with 'WwiseWrapper.lib(dsp.obj)' or at 'C:\Users\Miles\documents\visual studio 2015\Projects\WwiseSharpUWP\Release\WwiseSharpUWP\AkVorbisDecoder.pdb'; linking object as if no debug info
WwiseWrapper.lib(AkVorbisLib.obj) : warning LNK4099: PDB 'AkVorbisDecoder.pdb' was not found with 'WwiseWrapper.lib(AkVorbisLib.obj)' or at 'C:\Users\Miles\documents\visual studio 2015\Projects\WwiseSharpUWP\Release\WwiseSharpUWP\AkVorbisDecoder.pdb'; linking object as if no debug info
WwiseWrapper.lib(AkVorbisCodebookMgr.obj) : warning LNK4099: PDB 'AkVorbisDecoder.pdb' was not found with 'WwiseWrapper.lib(AkVorbisCodebookMgr.obj)' or at 'C:\Users\Miles\documents\visual studio 2015\Projects\WwiseSharpUWP\Release\WwiseSharpUWP\AkVorbisDecoder.pdb'; linking object as if no debug info
WwiseWrapper.lib(AkSrcFileVorbis.obj) : warning LNK4099: PDB 'AkVorbisDecoder.pdb' was not found with 'WwiseWrapper.lib(AkSrcFileVorbis.obj)' or at 'C:\Users\Miles\documents\visual studio 2015\Projects\WwiseSharpUWP\Release\WwiseSharpUWP\AkVorbisDecoder.pdb'; linking object as if no debug info
WwiseWrapper.lib(AkSrcBankVorbis.obj) : warning LNK4099: PDB 'AkVorbisDecoder.pdb' was not found with 'WwiseWrapper.lib(AkSrcBankVorbis.obj)' or at 'C:\Users\Miles\documents\visual studio 2015\Projects\WwiseSharpUWP\Release\WwiseSharpUWP\AkVorbisDecoder.pdb'; linking object as if no debug info
WwiseWrapper.lib(AkMemoryMgr.obj) : warning LNK4099: PDB 'AkMemoryMgr.pdb' was not found with 'WwiseWrapper.lib(AkMemoryMgr.obj)' or at 'C:\Users\Miles\documents\visual studio 2015\Projects\WwiseSharpUWP\Release\WwiseSharpUWP\AkMemoryMgr.pdb'; linking object as if no debug info
WwiseWrapper.lib(AkMemoryMgrBase.obj) : warning LNK4099: PDB 'AkMemoryMgr.pdb' was not found with 'WwiseWrapper.lib(AkMemoryMgrBase.obj)' or at 'C:\Users\Miles\documents\visual studio 2015\Projects\WwiseSharpUWP\Release\WwiseSharpUWP\AkMemoryMgr.pdb'; linking object as if no debug info
WwiseWrapper.lib(tlsf.obj) : warning LNK4099: PDB 'AkMemoryMgr.pdb' was not found with 'WwiseWrapper.lib(tlsf.obj)' or at 'C:\Users\Miles\documents\visual studio 2015\Projects\WwiseSharpUWP\Release\WwiseSharpUWP\AkMemoryMgr.pdb'; linking object as if no debug info
WwiseWrapper.lib(stdafx.obj) : warning LNK4099: PDB 'AkMemoryMgr.pdb' was not found with 'WwiseWrapper.lib(stdafx.obj)' or at 'C:\Users\Miles\documents\visual studio 2015\Projects\WwiseSharpUWP\Release\WwiseSharpUWP\AkMemoryMgr.pdb'; linking object as if no debug info
WwiseWrapper.lib(AkIOThread.obj) : warning LNK4099: PDB 'AkStreamMgr.pdb' was not found with 'WwiseWrapper.lib(AkIOThread.obj)' or at 'C:\Users\Miles\documents\visual studio 2015\Projects\WwiseSharpUWP\Release\WwiseSharpUWP\AkStreamMgr.pdb'; linking object as if no debug info
WwiseWrapper.lib(AkTransferDeferred.obj) : warning LNK4099: PDB 'AkStreamMgr.pdb' was not found with 'WwiseWrapper.lib(AkTransferDeferred.obj)' or at 'C:\Users\Miles\documents\visual studio 2015\Projects\WwiseSharpUWP\Release\WwiseSharpUWP\AkStreamMgr.pdb'; linking object as if no debug info
WwiseWrapper.lib(AkStreamMgr.obj) : warning LNK4099: PDB 'AkStreamMgr.pdb' was not found with 'WwiseWrapper.lib(AkStreamMgr.obj)' or at 'C:\Users\Miles\documents\visual studio 2015\Projects\WwiseSharpUWP\Release\WwiseSharpUWP\AkStreamMgr.pdb'; linking object as if no debug info
WwiseWrapper.lib(AkIOMemMgr.obj) : warning LNK4099: PDB 'AkStreamMgr.pdb' was not found with 'WwiseWrapper.lib(AkIOMemMgr.obj)' or at 'C:\Users\Miles\documents\visual studio 2015\Projects\WwiseSharpUWP\Release\WwiseSharpUWP\AkStreamMgr.pdb'; linking object as if no debug info
WwiseWrapper.lib(AkDeviceDeferredLinedUp.obj) : warning LNK4099: PDB 'AkStreamMgr.pdb' was not found with 'WwiseWrapper.lib(AkDeviceDeferredLinedUp.obj)' or at 'C:\Users\Miles\documents\visual studio 2015\Projects\WwiseSharpUWP\Release\WwiseSharpUWP\AkStreamMgr.pdb'; linking object as if no debug info
WwiseWrapper.lib(AkDeviceBlocking.obj) : warning LNK4099: PDB 'AkStreamMgr.pdb' was not found with 'WwiseWrapper.lib(AkDeviceBlocking.obj)' or at 'C:\Users\Miles\documents\visual studio 2015\Projects\WwiseSharpUWP\Release\WwiseSharpUWP\AkStreamMgr.pdb'; linking object as if no debug info
WwiseWrapper.lib(AkDeviceBase.obj) : warning LNK4099: PDB 'AkStreamMgr.pdb' was not found with 'WwiseWrapper.lib(AkDeviceBase.obj)' or at 'C:\Users\Miles\documents\visual studio 2015\Projects\WwiseSharpUWP\Release\WwiseSharpUWP\AkStreamMgr.pdb'; linking object as if no debug info
WwiseWrapper.lib(stdafx.obj) : warning LNK4099: PDB 'AkStreamMgr.pdb' was not found with 'WwiseWrapper.lib(stdafx.obj)' or at 'C:\Users\Miles\documents\visual studio 2015\Projects\WwiseSharpUWP\Release\WwiseSharpUWP\AkStreamMgr.pdb'; linking object as if no debug info
WwiseWrapper.lib(AkSwitchTrackInfo.obj) : warning LNK4099: PDB 'AkMusicEngine.pdb' was not found with 'WwiseWrapper.lib(AkSwitchTrackInfo.obj)' or at 'C:\Users\Miles\documents\visual studio 2015\Projects\WwiseSharpUWP\Release\WwiseSharpUWP\AkMusicEngine.pdb'; linking object as if no debug info
WwiseWrapper.lib(AkSubTrackCtx.obj) : warning LNK4099: PDB 'AkMusicEngine.pdb' was not found with 'WwiseWrapper.lib(AkSubTrackCtx.obj)' or at 'C:\Users\Miles\documents\visual studio 2015\Projects\WwiseSharpUWP\Release\WwiseSharpUWP\AkMusicEngine.pdb'; linking object as if no debug info
WwiseWrapper.lib(AkSequenceCtx.obj) : warning LNK4099: PDB 'AkMusicEngine.pdb' was not found with 'WwiseWrapper.lib(AkSequenceCtx.obj)' or at 'C:\Users\Miles\documents\visual studio 2015\Projects\WwiseSharpUWP\Release\WwiseSharpUWP\AkMusicEngine.pdb'; linking object as if no debug info
WwiseWrapper.lib(AkSequencableSegmentCtx.obj) : warning LNK4099: PDB 'AkMusicEngine.pdb' was not found with 'WwiseWrapper.lib(AkSequencableSegmentCtx.obj)' or at 'C:\Users\Miles\documents\visual studio 2015\Projects\WwiseSharpUWP\Release\WwiseSharpUWP\AkMusicEngine.pdb'; linking object as if no debug info
WwiseWrapper.lib(AkSegmentInfoRepository.obj) : warning LNK4099: PDB 'AkMusicEngine.pdb' was not found with 'WwiseWrapper.lib(AkSegmentInfoRepository.obj)' or at 'C:\Users\Miles\documents\visual studio 2015\Projects\WwiseSharpUWP\Release\WwiseSharpUWP\AkMusicEngine.pdb'; linking object as if no debug info
WwiseWrapper.lib(AkSegmentCtx.obj) : warning LNK4099: PDB 'AkMusicEngine.pdb' was not found with 'WwiseWrapper.lib(AkSegmentCtx.obj)' or at 'C:\Users\Miles\documents\visual studio 2015\Projects\WwiseSharpUWP\Release\WwiseSharpUWP\AkMusicEngine.pdb'; linking object as if no debug info
WwiseWrapper.lib(AkSegmentChain.obj) : warning LNK4099: PDB 'AkMusicEngine.pdb' was not found with 'WwiseWrapper.lib(AkSegmentChain.obj)' or at 'C:\Users\Miles\documents\visual studio 2015\Projects\WwiseSharpUWP\Release\WwiseSharpUWP\AkMusicEngine.pdb'; linking object as if no debug info
WwiseWrapper.lib(AkScheduleWindow.obj) : warning LNK4099: PDB 'AkMusicEngine.pdb' was not found with 'WwiseWrapper.lib(AkScheduleWindow.obj)' or at 'C:\Users\Miles\documents\visual studio 2015\Projects\WwiseSharpUWP\Release\WwiseSharpUWP\AkMusicEngine.pdb'; linking object as if no debug info
WwiseWrapper.lib(AkRSIterator.obj) : warning LNK4099: PDB 'AkMusicEngine.pdb' was not found with 'WwiseWrapper.lib(AkRSIterator.obj)' or at 'C:\Users\Miles\documents\visual studio 2015\Projects\WwiseSharpUWP\Release\WwiseSharpUWP\AkMusicEngine.pdb'; linking object as if no debug info
WwiseWrapper.lib(AkMusicTransAware.obj) : warning LNK4099: PDB 'AkMusicEngine.pdb' was not found with 'WwiseWrapper.lib(AkMusicTransAware.obj)' or at 'C:\Users\Miles\documents\visual studio 2015\Projects\WwiseSharpUWP\Release\WwiseSharpUWP\AkMusicEngine.pdb'; linking object as if no debug info
WwiseWrapper.lib(AkMusicTrack.obj) : warning LNK4099: PDB 'AkMusicEngine.pdb' was not found with 'WwiseWrapper.lib(AkMusicTrack.obj)' or at 'C:\Users\Miles\documents\visual studio 2015\Projects\WwiseSharpUWP\Release\WwiseSharpUWP\AkMusicEngine.pdb'; linking object as if no debug info
WwiseWrapper.lib(AkMusicSwitchCtx.obj) : warning LNK4099: PDB 'AkMusicEngine.pdb' was not found with 'WwiseWrapper.lib(AkMusicSwitchCtx.obj)' or at 'C:\Users\Miles\documents\visual studio 2015\Projects\WwiseSharpUWP\Release\WwiseSharpUWP\AkMusicEngine.pdb'; linking object as if no debug info
WwiseWrapper.lib(AkMusicSwitchCntr.obj) : warning LNK4099: PDB 'AkMusicEngine.pdb' was not found with 'WwiseWrapper.lib(AkMusicSwitchCntr.obj)' or at 'C:\Users\Miles\documents\visual studio 2015\Projects\WwiseSharpUWP\Release\WwiseSharpUWP\AkMusicEngine.pdb'; linking object as if no debug info
WwiseWrapper.lib(AkMusicSegment.obj) : warning LNK4099: PDB 'AkMusicEngine.pdb' was not found with 'WwiseWrapper.lib(AkMusicSegment.obj)' or at 'C:\Users\Miles\documents\visual studio 2015\Projects\WwiseSharpUWP\Release\WwiseSharpUWP\AkMusicEngine.pdb'; linking object as if no debug info
WwiseWrapper.lib(AkMusicRenderer.obj) : warning LNK4099: PDB 'AkMusicEngine.pdb' was not found with 'WwiseWrapper.lib(AkMusicRenderer.obj)' or at 'C:\Users\Miles\documents\visual studio 2015\Projects\WwiseSharpUWP\Release\WwiseSharpUWP\AkMusicEngine.pdb'; linking object as if no debug info
WwiseWrapper.lib(AkMusicRanSeqCntr.obj) : warning LNK4099: PDB 'AkMusicEngine.pdb' was not found with 'WwiseWrapper.lib(AkMusicRanSeqCntr.obj)' or at 'C:\Users\Miles\documents\visual studio 2015\Projects\WwiseSharpUWP\Release\WwiseSharpUWP\AkMusicEngine.pdb'; linking object as if no debug info
WwiseWrapper.lib(AkMusicPBI.obj) : warning LNK4099: PDB 'AkMusicEngine.pdb' was not found with 'WwiseWrapper.lib(AkMusicPBI.obj)' or at 'C:\Users\Miles\documents\visual studio 2015\Projects\WwiseSharpUWP\Release\WwiseSharpUWP\AkMusicEngine.pdb'; linking object as if no debug info
WwiseWrapper.lib(AkMusicNode.obj) : warning LNK4099: PDB 'AkMusicEngine.pdb' was not found with 'WwiseWrapper.lib(AkMusicNode.obj)' or at 'C:\Users\Miles\documents\visual studio 2015\Projects\WwiseSharpUWP\Release\WwiseSharpUWP\AkMusicEngine.pdb'; linking object as if no debug info
WwiseWrapper.lib(AkMusicCtx.obj) : warning LNK4099: PDB 'AkMusicEngine.pdb' was not found with 'WwiseWrapper.lib(AkMusicCtx.obj)' or at 'C:\Users\Miles\documents\visual studio 2015\Projects\WwiseSharpUWP\Release\WwiseSharpUWP\AkMusicEngine.pdb'; linking object as if no debug info
WwiseWrapper.lib(AkMusicBank.obj) : warning LNK4099: PDB 'AkMusicEngine.pdb' was not found with 'WwiseWrapper.lib(AkMusicBank.obj)' or at 'C:\Users\Miles\documents\visual studio 2015\Projects\WwiseSharpUWP\Release\WwiseSharpUWP\AkMusicEngine.pdb'; linking object as if no debug info
WwiseWrapper.lib(AkMatrixSequencer.obj) : warning LNK4099: PDB 'AkMusicEngine.pdb' was not found with 'WwiseWrapper.lib(AkMatrixSequencer.obj)' or at 'C:\Users\Miles\documents\visual studio 2015\Projects\WwiseSharpUWP\Release\WwiseSharpUWP\AkMusicEngine.pdb'; linking object as if no debug info
WwiseWrapper.lib(AkMatrixAwareCtx.obj) : warning LNK4099: PDB 'AkMusicEngine.pdb' was not found with 'WwiseWrapper.lib(AkMatrixAwareCtx.obj)' or at 'C:\Users\Miles\documents\visual studio 2015\Projects\WwiseSharpUWP\Release\WwiseSharpUWP\AkMusicEngine.pdb'; linking object as if no debug info
WwiseWrapper.lib(AkContextualMusicSequencer.obj) : warning LNK4099: PDB 'AkMusicEngine.pdb' was not found with 'WwiseWrapper.lib(AkContextualMusicSequencer.obj)' or at 'C:\Users\Miles\documents\visual studio 2015\Projects\WwiseSharpUWP\Release\WwiseSharpUWP\AkMusicEngine.pdb'; linking object as if no debug info
WwiseWrapper.lib(AkChildCtx.obj) : warning LNK4099: PDB 'AkMusicEngine.pdb' was not found with 'WwiseWrapper.lib(AkChildCtx.obj)' or at 'C:\Users\Miles\documents\visual studio 2015\Projects\WwiseSharpUWP\Release\WwiseSharpUWP\AkMusicEngine.pdb'; linking object as if no debug info
WwiseWrapper.lib(stdafx.obj) : warning LNK4099: PDB 'AkMusicEngine.pdb' was not found with 'WwiseWrapper.lib(stdafx.obj)' or at 'C:\Users\Miles\documents\visual studio 2015\Projects\WwiseSharpUWP\Release\WwiseSharpUWP\AkMusicEngine.pdb'; linking object as if no debug info
WwiseWrapper.lib(AkFeedbackStructs.obj) : warning LNK4099: PDB 'AkSoundEngine.pdb' was not found with 'WwiseWrapper.lib(AkFeedbackStructs.obj)' or at 'C:\Users\Miles\documents\visual studio 2015\Projects\WwiseSharpUWP\Release\WwiseSharpUWP\AkSoundEngine.pdb'; linking object as if no debug info
WwiseWrapper.lib(AkFeedbackNode.obj) : warning LNK4099: PDB 'AkSoundEngine.pdb' was not found with 'WwiseWrapper.lib(AkFeedbackNode.obj)' or at 'C:\Users\Miles\documents\visual studio 2015\Projects\WwiseSharpUWP\Release\WwiseSharpUWP\AkSoundEngine.pdb'; linking object as if no debug info
WwiseWrapper.lib(AkFeedbackMgr.obj) : warning LNK4099: PDB 'AkSoundEngine.pdb' was not found with 'WwiseWrapper.lib(AkFeedbackMgr.obj)' or at 'C:\Users\Miles\documents\visual studio 2015\Projects\WwiseSharpUWP\Release\WwiseSharpUWP\AkSoundEngine.pdb'; linking object as if no debug info
WwiseWrapper.lib(AkFeedbackBus.obj) : warning LNK4099: PDB 'AkSoundEngine.pdb' was not found with 'WwiseWrapper.lib(AkFeedbackBus.obj)' or at 'C:\Users\Miles\documents\visual studio 2015\Projects\WwiseSharpUWP\Release\WwiseSharpUWP\AkSoundEngine.pdb'; linking object as if no debug info
WwiseWrapper.lib(AkVPLVolAutmNode.obj) : warning LNK4099: PDB 'AkSoundEngine.pdb' was not found with 'WwiseWrapper.lib(AkVPLVolAutmNode.obj)' or at 'C:\Users\Miles\documents\visual studio 2015\Projects\WwiseSharpUWP\Release\WwiseSharpUWP\AkSoundEngine.pdb'; linking object as if no debug info
WwiseWrapper.lib(AkVPLSrcNode.obj) : warning LNK4099: PDB 'AkSoundEngine.pdb' was not found with 'WwiseWrapper.lib(AkVPLSrcNode.obj)' or at 'C:\Users\Miles\documents\visual studio 2015\Projects\WwiseSharpUWP\Release\WwiseSharpUWP\AkSoundEngine.pdb'; linking object as if no debug info
WwiseWrapper.lib(AkVPLSrcCbxNode.obj) : warning LNK4099: PDB 'AkSoundEngine.pdb' was not found with 'WwiseWrapper.lib(AkVPLSrcCbxNode.obj)' or at 'C:\Users\Miles\documents\visual studio 2015\Projects\WwiseSharpUWP\Release\WwiseSharpUWP\AkSoundEngine.pdb'; linking object as if no debug info
WwiseWrapper.lib(AkVPLPitchNode.obj) : warning LNK4099: PDB 'AkSoundEngine.pdb' was not found with 'WwiseWrapper.lib(AkVPLPitchNode.obj)' or at 'C:\Users\Miles\documents\visual studio 2015\Projects\WwiseSharpUWP\Release\WwiseSharpUWP\AkSoundEngine.pdb'; linking object as if no debug info
WwiseWrapper.lib(AkVPLNode.obj) : warning LNK4099: PDB 'AkSoundEngine.pdb' was not found with 'WwiseWrapper.lib(AkVPLNode.obj)' or at 'C:\Users\Miles\documents\visual studio 2015\Projects\WwiseSharpUWP\Release\WwiseSharpUWP\AkSoundEngine.pdb'; linking object as if no debug info
WwiseWrapper.lib(AkVPLMixBusNode.obj) : warning LNK4099: PDB 'AkSoundEngine.pdb' was not found with 'WwiseWrapper.lib(AkVPLMixBusNode.obj)' or at 'C:\Users\Miles\documents\visual studio 2015\Projects\WwiseSharpUWP\Release\WwiseSharpUWP\AkSoundEngine.pdb'; linking object as if no debug info
WwiseWrapper.lib(AkVPLLPFNode.obj) : warning LNK4099: PDB 'AkSoundEngine.pdb' was not found with 'WwiseWrapper.lib(AkVPLLPFNode.obj)' or at 'C:\Users\Miles\documents\visual studio 2015\Projects\WwiseSharpUWP\Release\WwiseSharpUWP\AkSoundEngine.pdb'; linking object as if no debug info
WwiseWrapper.lib(AkVPLFilterNodeOutOfPlace.obj) : warning LNK4099: PDB 'AkSoundEngine.pdb' was not found with 'WwiseWrapper.lib(AkVPLFilterNodeOutOfPlace.obj)' or at 'C:\Users\Miles\documents\visual studio 2015\Projects\WwiseSharpUWP\Release\WwiseSharpUWP\AkSoundEngine.pdb'; linking object as if no debug info
WwiseWrapper.lib(AkVPLFilterNodeBase.obj) : warning LNK4099: PDB 'AkSoundEngine.pdb' was not found with 'WwiseWrapper.lib(AkVPLFilterNodeBase.obj)' or at 'C:\Users\Miles\documents\visual studio 2015\Projects\WwiseSharpUWP\Release\WwiseSharpUWP\AkSoundEngine.pdb'; linking object as if no debug info
WwiseWrapper.lib(AkVPLFilterNode.obj) : warning LNK4099: PDB 'AkSoundEngine.pdb' was not found with 'WwiseWrapper.lib(AkVPLFilterNode.obj)' or at 'C:\Users\Miles\documents\visual studio 2015\Projects\WwiseSharpUWP\Release\WwiseSharpUWP\AkSoundEngine.pdb'; linking object as if no debug info
WwiseWrapper.lib(AkVPL3dMixable.obj) : warning LNK4099: PDB 'AkSoundEngine.pdb' was not found with 'WwiseWrapper.lib(AkVPL3dMixable.obj)' or at 'C:\Users\Miles\documents\visual studio 2015\Projects\WwiseSharpUWP\Release\WwiseSharpUWP\AkSoundEngine.pdb'; linking object as if no debug info
WwiseWrapper.lib(AkSrcPhysModel.obj) : warning LNK4099: PDB 'AkSoundEngine.pdb' was not found with 'WwiseWrapper.lib(AkSrcPhysModel.obj)' or at 'C:\Users\Miles\documents\visual studio 2015\Projects\WwiseSharpUWP\Release\WwiseSharpUWP\AkSoundEngine.pdb'; linking object as if no debug info
WwiseWrapper.lib(AkSrcLpFilter.obj) : warning LNK4099: PDB 'AkSoundEngine.pdb' was not found with 'WwiseWrapper.lib(AkSrcLpFilter.obj)' or at 'C:\Users\Miles\documents\visual studio 2015\Projects\WwiseSharpUWP\Release\WwiseSharpUWP\AkSoundEngine.pdb'; linking object as if no debug info
WwiseWrapper.lib(AkSrcFilePCM.obj) : warning LNK4099: PDB 'AkSoundEngine.pdb' was not found with 'WwiseWrapper.lib(AkSrcFilePCM.obj)' or at 'C:\Users\Miles\documents\visual studio 2015\Projects\WwiseSharpUWP\Release\WwiseSharpUWP\AkSoundEngine.pdb'; linking object as if no debug info
WwiseWrapper.lib(AkSrcFileBase.obj) : warning LNK4099: PDB 'AkSoundEngine.pdb' was not found with 'WwiseWrapper.lib(AkSrcFileBase.obj)' or at 'C:\Users\Miles\documents\visual studio 2015\Projects\WwiseSharpUWP\Release\WwiseSharpUWP\AkSoundEngine.pdb'; linking object as if no debug info
WwiseWrapper.lib(AkSrcFileADPCM.obj) : warning LNK4099: PDB 'AkSoundEngine.pdb' was not found with 'WwiseWrapper.lib(AkSrcFileADPCM.obj)' or at 'C:\Users\Miles\documents\visual studio 2015\Projects\WwiseSharpUWP\Release\WwiseSharpUWP\AkSoundEngine.pdb'; linking object as if no debug info
WwiseWrapper.lib(AkSrcBase.obj) : warning LNK4099: PDB 'AkSoundEngine.pdb' was not found with 'WwiseWrapper.lib(AkSrcBase.obj)' or at 'C:\Users\Miles\documents\visual studio 2015\Projects\WwiseSharpUWP\Release\WwiseSharpUWP\AkSoundEngine.pdb'; linking object as if no debug info
WwiseWrapper.lib(AkSrcBankPCM.obj) : warning LNK4099: PDB 'AkSoundEngine.pdb' was not found with 'WwiseWrapper.lib(AkSrcBankPCM.obj)' or at 'C:\Users\Miles\documents\visual studio 2015\Projects\WwiseSharpUWP\Release\WwiseSharpUWP\AkSoundEngine.pdb'; linking object as if no debug info
WwiseWrapper.lib(AkSrcBankADPCM.obj) : warning LNK4099: PDB 'AkSoundEngine.pdb' was not found with 'WwiseWrapper.lib(AkSrcBankADPCM.obj)' or at 'C:\Users\Miles\documents\visual studio 2015\Projects\WwiseSharpUWP\Release\WwiseSharpUWP\AkSoundEngine.pdb'; linking object as if no debug info
WwiseWrapper.lib(AkResamplerSIMD.obj) : warning LNK4099: PDB 'AkSoundEngine.pdb' was not found with 'WwiseWrapper.lib(AkResamplerSIMD.obj)' or at 'C:\Users\Miles\documents\visual studio 2015\Projects\WwiseSharpUWP\Release\WwiseSharpUWP\AkSoundEngine.pdb'; linking object as if no debug info
WwiseWrapper.lib(AkResamplerCommon.obj) : warning LNK4099: PDB 'AkSoundEngine.pdb' was not found with 'WwiseWrapper.lib(AkResamplerCommon.obj)' or at 'C:\Users\Miles\documents\visual studio 2015\Projects\WwiseSharpUWP\Release\WwiseSharpUWP\AkSoundEngine.pdb'; linking object as if no debug info
WwiseWrapper.lib(AkResampler.obj) : warning LNK4099: PDB 'AkSoundEngine.pdb' was not found with 'WwiseWrapper.lib(AkResampler.obj)' or at 'C:\Users\Miles\documents\visual studio 2015\Projects\WwiseSharpUWP\Release\WwiseSharpUWP\AkSoundEngine.pdb'; linking object as if no debug info
WwiseWrapper.lib(AkMixerSIMD.obj) : warning LNK4099: PDB 'AkSoundEngine.pdb' was not found with 'WwiseWrapper.lib(AkMixerSIMD.obj)' or at 'C:\Users\Miles\documents\visual studio 2015\Projects\WwiseSharpUWP\Release\WwiseSharpUWP\AkSoundEngine.pdb'; linking object as if no debug info
WwiseWrapper.lib(AkMixer.obj) : warning LNK4099: PDB 'AkSoundEngine.pdb' was not found with 'WwiseWrapper.lib(AkMixer.obj)' or at 'C:\Users\Miles\documents\visual studio 2015\Projects\WwiseSharpUWP\Release\WwiseSharpUWP\AkSoundEngine.pdb'; linking object as if no debug info
WwiseWrapper.lib(AkLPFCommon.obj) : warning LNK4099: PDB 'AkSoundEngine.pdb' was not found with 'WwiseWrapper.lib(AkLPFCommon.obj)' or at 'C:\Users\Miles\documents\visual studio 2015\Projects\WwiseSharpUWP\Release\WwiseSharpUWP\AkSoundEngine.pdb'; linking object as if no debug info
WwiseWrapper.lib(AkLEngine_SoftwarePipeline.obj) : warning LNK4099: PDB 'AkSoundEngine.pdb' was not found with 'WwiseWrapper.lib(AkLEngine_SoftwarePipeline.obj)' or at 'C:\Users\Miles\documents\visual studio 2015\Projects\WwiseSharpUWP\Release\WwiseSharpUWP\AkSoundEngine.pdb'; linking object as if no debug info
WwiseWrapper.lib(AkADPCMCodec.obj) : warning LNK4099: PDB 'AkSoundEngine.pdb' was not found with 'WwiseWrapper.lib(AkADPCMCodec.obj)' or at 'C:\Users\Miles\documents\visual studio 2015\Projects\WwiseSharpUWP\Release\WwiseSharpUWP\AkSoundEngine.pdb'; linking object as if no debug info
WwiseWrapper.lib(AkMidiParseSe.obj) : warning LNK4099: PDB 'AkSoundEngine.pdb' was not found with 'WwiseWrapper.lib(AkMidiParseSe.obj)' or at 'C:\Users\Miles\documents\visual studio 2015\Projects\WwiseSharpUWP\Release\WwiseSharpUWP\AkSoundEngine.pdb'; linking object as if no debug info
WwiseWrapper.lib(AkMidiNoteCtx.obj) : warning LNK4099: PDB 'AkSoundEngine.pdb' was not found with 'WwiseWrapper.lib(AkMidiNoteCtx.obj)' or at 'C:\Users\Miles\documents\visual studio 2015\Projects\WwiseSharpUWP\Release\WwiseSharpUWP\AkSoundEngine.pdb'; linking object as if no debug info
WwiseWrapper.lib(AkMidiDeviceMgr.obj) : warning LNK4099: PDB 'AkSoundEngine.pdb' was not found with 'WwiseWrapper.lib(AkMidiDeviceMgr.obj)' or at 'C:\Users\Miles\documents\visual studio 2015\Projects\WwiseSharpUWP\Release\WwiseSharpUWP\AkSoundEngine.pdb'; linking object as if no debug info
WwiseWrapper.lib(AkMidiDeviceCtx.obj) : warning LNK4099: PDB 'AkSoundEngine.pdb' was not found with 'WwiseWrapper.lib(AkMidiDeviceCtx.obj)' or at 'C:\Users\Miles\documents\visual studio 2015\Projects\WwiseSharpUWP\Release\WwiseSharpUWP\AkSoundEngine.pdb'; linking object as if no debug info
WwiseWrapper.lib(AkMidiClipMgr.obj) : warning LNK4099: PDB 'AkSoundEngine.pdb' was not found with 'WwiseWrapper.lib(AkMidiClipMgr.obj)' or at 'C:\Users\Miles\documents\visual studio 2015\Projects\WwiseSharpUWP\Release\WwiseSharpUWP\AkSoundEngine.pdb'; linking object as if no debug info
WwiseWrapper.lib(AkMidiClipCtx.obj) : warning LNK4099: PDB 'AkSoundEngine.pdb' was not found with 'WwiseWrapper.lib(AkMidiClipCtx.obj)' or at 'C:\Users\Miles\documents\visual studio 2015\Projects\WwiseSharpUWP\Release\WwiseSharpUWP\AkSoundEngine.pdb'; linking object as if no debug info
WwiseWrapper.lib(AkMidiBaseMgr.obj) : warning LNK4099: PDB 'AkSoundEngine.pdb' was not found with 'WwiseWrapper.lib(AkMidiBaseMgr.obj)' or at 'C:\Users\Miles\documents\visual studio 2015\Projects\WwiseSharpUWP\Release\WwiseSharpUWP\AkSoundEngine.pdb'; linking object as if no debug info
WwiseWrapper.lib(AkMidiBaseCtx.obj) : warning LNK4099: PDB 'AkSoundEngine.pdb' was not found with 'WwiseWrapper.lib(AkMidiBaseCtx.obj)' or at 'C:\Users\Miles\documents\visual studio 2015\Projects\WwiseSharpUWP\Release\WwiseSharpUWP\AkSoundEngine.pdb'; linking object as if no debug info
WwiseWrapper.lib(FileCaptureWriter.obj) : warning LNK4099: PDB 'AkSoundEngine.pdb' was not found with 'WwiseWrapper.lib(FileCaptureWriter.obj)' or at 'C:\Users\Miles\documents\visual studio 2015\Projects\WwiseSharpUWP\Release\WwiseSharpUWP\AkSoundEngine.pdb'; linking object as if no debug info
WwiseWrapper.lib(AkVirtualAcousticsManager.obj) : warning LNK4099: PDB 'AkSoundEngine.pdb' was not found with 'WwiseWrapper.lib(AkVirtualAcousticsManager.obj)' or at 'C:\Users\Miles\documents\visual studio 2015\Projects\WwiseSharpUWP\Release\WwiseSharpUWP\AkSoundEngine.pdb'; linking object as if no debug info
WwiseWrapper.lib(AkVBAP.obj) : warning LNK4099: PDB 'AkSoundEngine.pdb' was not found with 'WwiseWrapper.lib(AkVBAP.obj)' or at 'C:\Users\Miles\documents\visual studio 2015\Projects\WwiseSharpUWP\Release\WwiseSharpUWP\AkSoundEngine.pdb'; linking object as if no debug info
WwiseWrapper.lib(AkURenderer.obj) : warning LNK4099: PDB 'AkSoundEngine.pdb' was not found with 'WwiseWrapper.lib(AkURenderer.obj)' or at 'C:\Users\Miles\documents\visual studio 2015\Projects\WwiseSharpUWP\Release\WwiseSharpUWP\AkSoundEngine.pdb'; linking object as if no debug info
WwiseWrapper.lib(AkTransitionManager.obj) : warning LNK4099: PDB 'AkSoundEngine.pdb' was not found with 'WwiseWrapper.lib(AkTransitionManager.obj)' or at 'C:\Users\Miles\documents\visual studio 2015\Projects\WwiseSharpUWP\Release\WwiseSharpUWP\AkSoundEngine.pdb'; linking object as if no debug info
WwiseWrapper.lib(AkTransition.obj) : warning LNK4099: PDB 'AkSoundEngine.pdb' was not found with 'WwiseWrapper.lib(AkTransition.obj)' or at 'C:\Users\Miles\documents\visual studio 2015\Projects\WwiseSharpUWP\Release\WwiseSharpUWP\AkSoundEngine.pdb'; linking object as if no debug info
WwiseWrapper.lib(AkThreadedBankMgr.obj) : warning LNK4099: PDB 'AkSoundEngine.pdb' was not found with 'WwiseWrapper.lib(AkThreadedBankMgr.obj)' or at 'C:\Users\Miles\documents\visual studio 2015\Projects\WwiseSharpUWP\Release\WwiseSharpUWP\AkSoundEngine.pdb'; linking object as if no debug info
WwiseWrapper.lib(AkSwitchMgr.obj) : warning LNK4099: PDB 'AkSoundEngine.pdb' was not found with 'WwiseWrapper.lib(AkSwitchMgr.obj)' or at 'C:\Users\Miles\documents\visual studio 2015\Projects\WwiseSharpUWP\Release\WwiseSharpUWP\AkSoundEngine.pdb'; linking object as if no debug info
WwiseWrapper.lib(AkSwitchCntr.obj) : warning LNK4099: PDB 'AkSoundEngine.pdb' was not found with 'WwiseWrapper.lib(AkSwitchCntr.obj)' or at 'C:\Users\Miles\documents\visual studio 2015\Projects\WwiseSharpUWP\Release\WwiseSharpUWP\AkSoundEngine.pdb'; linking object as if no debug info
WwiseWrapper.lib(AkSwitchAware.obj) : warning LNK4099: PDB 'AkSoundEngine.pdb' was not found with 'WwiseWrapper.lib(AkSwitchAware.obj)' or at 'C:\Users\Miles\documents\visual studio 2015\Projects\WwiseSharpUWP\Release\WwiseSharpUWP\AkSoundEngine.pdb'; linking object as if no debug info
WwiseWrapper.lib(AkStreamCacheMgmt.obj) : warning LNK4099: PDB 'AkSoundEngine.pdb' was not found with 'WwiseWrapper.lib(AkStreamCacheMgmt.obj)' or at 'C:\Users\Miles\documents\visual studio 2015\Projects\WwiseSharpUWP\Release\WwiseSharpUWP\AkSoundEngine.pdb'; linking object as if no debug info
WwiseWrapper.lib(AkStateMgr.obj) : warning LNK4099: PDB 'AkSoundEngine.pdb' was not found with 'WwiseWrapper.lib(AkStateMgr.obj)' or at 'C:\Users\Miles\documents\visual studio 2015\Projects\WwiseSharpUWP\Release\WwiseSharpUWP\AkSoundEngine.pdb'; linking object as if no debug info
WwiseWrapper.lib(AkState.obj) : warning LNK4099: PDB 'AkSoundEngine.pdb' was not found with 'WwiseWrapper.lib(AkState.obj)' or at 'C:\Users\Miles\documents\visual studio 2015\Projects\WwiseSharpUWP\Release\WwiseSharpUWP\AkSoundEngine.pdb'; linking object as if no debug info
WwiseWrapper.lib(AkSpeakerPan.obj) : warning LNK4099: PDB 'AkSoundEngine.pdb' was not found with 'WwiseWrapper.lib(AkSpeakerPan.obj)' or at 'C:\Users\Miles\documents\visual studio 2015\Projects\WwiseSharpUWP\Release\WwiseSharpUWP\AkSoundEngine.pdb'; linking object as if no debug info
WwiseWrapper.lib(AkSource.obj) : warning LNK4099: PDB 'AkSoundEngine.pdb' was not found with 'WwiseWrapper.lib(AkSource.obj)' or at 'C:\Users\Miles\documents\visual studio 2015\Projects\WwiseSharpUWP\Release\WwiseSharpUWP\AkSoundEngine.pdb'; linking object as if no debug info
WwiseWrapper.lib(AkSoundBase.obj) : warning LNK4099: PDB 'AkSoundEngine.pdb' was not found with 'WwiseWrapper.lib(AkSoundBase.obj)' or at 'C:\Users\Miles\documents\visual studio 2015\Projects\WwiseSharpUWP\Release\WwiseSharpUWP\AkSoundEngine.pdb'; linking object as if no debug info
WwiseWrapper.lib(AkSound.obj) : warning LNK4099: PDB 'AkSoundEngine.pdb' was not found with 'WwiseWrapper.lib(AkSound.obj)' or at 'C:\Users\Miles\documents\visual studio 2015\Projects\WwiseSharpUWP\Release\WwiseSharpUWP\AkSoundEngine.pdb'; linking object as if no debug info
WwiseWrapper.lib(AkSIS.obj) : warning LNK4099: PDB 'AkSoundEngine.pdb' was not found with 'WwiseWrapper.lib(AkSIS.obj)' or at 'C:\Users\Miles\documents\visual studio 2015\Projects\WwiseSharpUWP\Release\WwiseSharpUWP\AkSoundEngine.pdb'; linking object as if no debug info
WwiseWrapper.lib(AkSinkBase.obj) : warning LNK4099: PDB 'AkSoundEngine.pdb' was not found with 'WwiseWrapper.lib(AkSinkBase.obj)' or at 'C:\Users\Miles\documents\visual studio 2015\Projects\WwiseSharpUWP\Release\WwiseSharpUWP\AkSoundEngine.pdb'; linking object as if no debug info
WwiseWrapper.lib(AkSettings.obj) : warning LNK4099: PDB 'AkSoundEngine.pdb' was not found with 'WwiseWrapper.lib(AkSettings.obj)' or at 'C:\Users\Miles\documents\visual studio 2015\Projects\WwiseSharpUWP\Release\WwiseSharpUWP\AkSoundEngine.pdb'; linking object as if no debug info
WwiseWrapper.lib(AkScopedRtpcObj.obj) : warning LNK4099: PDB 'AkSoundEngine.pdb' was not found with 'WwiseWrapper.lib(AkScopedRtpcObj.obj)' or at 'C:\Users\Miles\documents\visual studio 2015\Projects\WwiseSharpUWP\Release\WwiseSharpUWP\AkSoundEngine.pdb'; linking object as if no debug info
WwiseWrapper.lib(AkRuntimeEnvironmentMgr.obj) : warning LNK4099: PDB 'AkSoundEngine.pdb' was not found with 'WwiseWrapper.lib(AkRuntimeEnvironmentMgr.obj)' or at 'C:\Users\Miles\documents\visual studio 2015\Projects\WwiseSharpUWP\Release\WwiseSharpUWP\AkSoundEngine.pdb'; linking object as if no debug info
WwiseWrapper.lib(AkRTPCSubscriber.obj) : warning LNK4099: PDB 'AkSoundEngine.pdb' was not found with 'WwiseWrapper.lib(AkRTPCSubscriber.obj)' or at 'C:\Users\Miles\documents\visual studio 2015\Projects\WwiseSharpUWP\Release\WwiseSharpUWP\AkSoundEngine.pdb'; linking object as if no debug info
WwiseWrapper.lib(AkRTPCMgr.obj) : warning LNK4099: PDB 'AkSoundEngine.pdb' was not found with 'WwiseWrapper.lib(AkRTPCMgr.obj)' or at 'C:\Users\Miles\documents\visual studio 2015\Projects\WwiseSharpUWP\Release\WwiseSharpUWP\AkSoundEngine.pdb'; linking object as if no debug info
WwiseWrapper.lib(AkRegistryMgr.obj) : warning LNK4099: PDB 'AkSoundEngine.pdb' was not found with 'WwiseWrapper.lib(AkRegistryMgr.obj)' or at 'C:\Users\Miles\documents\visual studio 2015\Projects\WwiseSharpUWP\Release\WwiseSharpUWP\AkSoundEngine.pdb'; linking object as if no debug info
WwiseWrapper.lib(AkRegisteredObj.obj) : warning LNK4099: PDB 'AkSoundEngine.pdb' was not found with 'WwiseWrapper.lib(AkRegisteredObj.obj)' or at 'C:\Users\Miles\documents\visual studio 2015\Projects\WwiseSharpUWP\Release\WwiseSharpUWP\AkSoundEngine.pdb'; linking object as if no debug info
WwiseWrapper.lib(AkRanSeqCntr.obj) : warning LNK4099: PDB 'AkSoundEngine.pdb' was not found with 'WwiseWrapper.lib(AkRanSeqCntr.obj)' or at 'C:\Users\Miles\documents\visual studio 2015\Projects\WwiseSharpUWP\Release\WwiseSharpUWP\AkSoundEngine.pdb'; linking object as if no debug info
WwiseWrapper.lib(AkRanSeqBaseInfo.obj) : warning LNK4099: PDB 'AkSoundEngine.pdb' was not found with 'WwiseWrapper.lib(AkRanSeqBaseInfo.obj)' or at 'C:\Users\Miles\documents\visual studio 2015\Projects\WwiseSharpUWP\Release\WwiseSharpUWP\AkSoundEngine.pdb'; linking object as if no debug info
WwiseWrapper.lib(AkPreparationAware.obj) : warning LNK4099: PDB 'AkSoundEngine.pdb' was not found with 'WwiseWrapper.lib(AkPreparationAware.obj)' or at 'C:\Users\Miles\documents\visual studio 2015\Projects\WwiseSharpUWP\Release\WwiseSharpUWP\AkSoundEngine.pdb'; linking object as if no debug info
WwiseWrapper.lib(AkPositionRepository.obj) : warning LNK4099: PDB 'AkSoundEngine.pdb' was not found with 'WwiseWrapper.lib(AkPositionRepository.obj)' or at 'C:\Users\Miles\documents\visual studio 2015\Projects\WwiseSharpUWP\Release\WwiseSharpUWP\AkSoundEngine.pdb'; linking object as if no debug info
WwiseWrapper.lib(AkPlaylist.obj) : warning LNK4099: PDB 'AkSoundEngine.pdb' was not found with 'WwiseWrapper.lib(AkPlaylist.obj)' or at 'C:\Users\Miles\documents\visual studio 2015\Projects\WwiseSharpUWP\Release\WwiseSharpUWP\AkSoundEngine.pdb'; linking object as if no debug info
WwiseWrapper.lib(AkPlayingMgr.obj) : warning LNK4099: PDB 'AkSoundEngine.pdb' was not found with 'WwiseWrapper.lib(AkPlayingMgr.obj)' or at 'C:\Users\Miles\documents\visual studio 2015\Projects\WwiseSharpUWP\Release\WwiseSharpUWP\AkSoundEngine.pdb'; linking object as if no debug info
WwiseWrapper.lib(AkPBIAware.obj) : warning LNK4099: PDB 'AkSoundEngine.pdb' was not found with 'WwiseWrapper.lib(AkPBIAware.obj)' or at 'C:\Users\Miles\documents\visual studio 2015\Projects\WwiseSharpUWP\Release\WwiseSharpUWP\AkSoundEngine.pdb'; linking object as if no debug info
WwiseWrapper.lib(AkPBI.obj) : warning LNK4099: PDB 'AkSoundEngine.pdb' was not found with 'WwiseWrapper.lib(AkPBI.obj)' or at 'C:\Users\Miles\documents\visual studio 2015\Projects\WwiseSharpUWP\Release\WwiseSharpUWP\AkSoundEngine.pdb'; linking object as if no debug info
WwiseWrapper.lib(AkPathManager.obj) : warning LNK4099: PDB 'AkSoundEngine.pdb' was not found with 'WwiseWrapper.lib(AkPathManager.obj)' or at 'C:\Users\Miles\documents\visual studio 2015\Projects\WwiseSharpUWP\Release\WwiseSharpUWP\AkSoundEngine.pdb'; linking object as if no debug info
WwiseWrapper.lib(AkPath.obj) : warning LNK4099: PDB 'AkSoundEngine.pdb' was not found with 'WwiseWrapper.lib(AkPath.obj)' or at 'C:\Users\Miles\documents\visual studio 2015\Projects\WwiseSharpUWP\Release\WwiseSharpUWP\AkSoundEngine.pdb'; linking object as if no debug info
WwiseWrapper.lib(AkParameterNodeBase.obj) : warning LNK4099: PDB 'AkSoundEngine.pdb' was not found with 'WwiseWrapper.lib(AkParameterNodeBase.obj)' or at 'C:\Users\Miles\documents\visual studio 2015\Projects\WwiseSharpUWP\Release\WwiseSharpUWP\AkSoundEngine.pdb'; linking object as if no debug info
WwiseWrapper.lib(AkParameterNode.obj) : warning LNK4099: PDB 'AkSoundEngine.pdb' was not found with 'WwiseWrapper.lib(AkParameterNode.obj)' or at 'C:\Users\Miles\documents\visual studio 2015\Projects\WwiseSharpUWP\Release\WwiseSharpUWP\AkSoundEngine.pdb'; linking object as if no debug info
WwiseWrapper.lib(AkOutputMgr.obj) : warning LNK4099: PDB 'AkSoundEngine.pdb' was not found with 'WwiseWrapper.lib(AkOutputMgr.obj)' or at 'C:\Users\Miles\documents\visual studio 2015\Projects\WwiseSharpUWP\Release\WwiseSharpUWP\AkSoundEngine.pdb'; linking object as if no debug info
WwiseWrapper.lib(AkMultiPlayNode.obj) : warning LNK4099: PDB 'AkSoundEngine.pdb' was not found with 'WwiseWrapper.lib(AkMultiPlayNode.obj)' or at 'C:\Users\Miles\documents\visual studio 2015\Projects\WwiseSharpUWP\Release\WwiseSharpUWP\AkSoundEngine.pdb'; linking object as if no debug info
WwiseWrapper.lib(AkModulatorPBIData.obj) : warning LNK4099: PDB 'AkSoundEngine.pdb' was not found with 'WwiseWrapper.lib(AkModulatorPBIData.obj)' or at 'C:\Users\Miles\documents\visual studio 2015\Projects\WwiseSharpUWP\Release\WwiseSharpUWP\AkSoundEngine.pdb'; linking object as if no debug info
WwiseWrapper.lib(AkModulatorMgr.obj) : warning LNK4099: PDB 'AkSoundEngine.pdb' was not found with 'WwiseWrapper.lib(AkModulatorMgr.obj)' or at 'C:\Users\Miles\documents\visual studio 2015\Projects\WwiseSharpUWP\Release\WwiseSharpUWP\AkSoundEngine.pdb'; linking object as if no debug info
WwiseWrapper.lib(AkModulatorEngine.obj) : warning LNK4099: PDB 'AkSoundEngine.pdb' was not found with 'WwiseWrapper.lib(AkModulatorEngine.obj)' or at 'C:\Users\Miles\documents\visual studio 2015\Projects\WwiseSharpUWP\Release\WwiseSharpUWP\AkSoundEngine.pdb'; linking object as if no debug info
WwiseWrapper.lib(AkModulatorCtx.obj) : warning LNK4099: PDB 'AkSoundEngine.pdb' was not found with 'WwiseWrapper.lib(AkModulatorCtx.obj)' or at 'C:\Users\Miles\documents\visual studio 2015\Projects\WwiseSharpUWP\Release\WwiseSharpUWP\AkSoundEngine.pdb'; linking object as if no debug info
WwiseWrapper.lib(AkModulator.obj) : warning LNK4099: PDB 'AkSoundEngine.pdb' was not found with 'WwiseWrapper.lib(AkModulator.obj)' or at 'C:\Users\Miles\documents\visual studio 2015\Projects\WwiseSharpUWP\Release\WwiseSharpUWP\AkSoundEngine.pdb'; linking object as if no debug info
WwiseWrapper.lib(AkMixConnection.obj) : warning LNK4099: PDB 'AkSoundEngine.pdb' was not found with 'WwiseWrapper.lib(AkMixConnection.obj)' or at 'C:\Users\Miles\documents\visual studio 2015\Projects\WwiseSharpUWP\Release\WwiseSharpUWP\AkSoundEngine.pdb'; linking object as if no debug info
WwiseWrapper.lib(AkMath.obj) : warning LNK4099: PDB 'AkSoundEngine.pdb' was not found with 'WwiseWrapper.lib(AkMath.obj)' or at 'C:\Users\Miles\documents\visual studio 2015\Projects\WwiseSharpUWP\Release\WwiseSharpUWP\AkSoundEngine.pdb'; linking object as if no debug info
WwiseWrapper.lib(AkMarkers.obj) : warning LNK4099: PDB 'AkSoundEngine.pdb' was not found with 'WwiseWrapper.lib(AkMarkers.obj)' or at 'C:\Users\Miles\documents\visual studio 2015\Projects\WwiseSharpUWP\Release\WwiseSharpUWP\AkSoundEngine.pdb'; linking object as if no debug info
WwiseWrapper.lib(AkLEngine_Common.obj) : warning LNK4099: PDB 'AkSoundEngine.pdb' was not found with 'WwiseWrapper.lib(AkLEngine_Common.obj)' or at 'C:\Users\Miles\documents\visual studio 2015\Projects\WwiseSharpUWP\Release\WwiseSharpUWP\AkSoundEngine.pdb'; linking object as if no debug info
WwiseWrapper.lib(AkLEngineCmds.obj) : warning LNK4099: PDB 'AkSoundEngine.pdb' was not found with 'WwiseWrapper.lib(AkLEngineCmds.obj)' or at 'C:\Users\Miles\documents\visual studio 2015\Projects\WwiseSharpUWP\Release\WwiseSharpUWP\AkSoundEngine.pdb'; linking object as if no debug info
WwiseWrapper.lib(AkLayerCntr.obj) : warning LNK4099: PDB 'AkSoundEngine.pdb' was not found with 'WwiseWrapper.lib(AkLayerCntr.obj)' or at 'C:\Users\Miles\documents\visual studio 2015\Projects\WwiseSharpUWP\Release\WwiseSharpUWP\AkSoundEngine.pdb'; linking object as if no debug info
WwiseWrapper.lib(AkLayer.obj) : warning LNK4099: PDB 'AkSoundEngine.pdb' was not found with 'WwiseWrapper.lib(AkLayer.obj)' or at 'C:\Users\Miles\documents\visual studio 2015\Projects\WwiseSharpUWP\Release\WwiseSharpUWP\AkSoundEngine.pdb'; linking object as if no debug info
WwiseWrapper.lib(AkIndexable.obj) : warning LNK4099: PDB 'AkSoundEngine.pdb' was not found with 'WwiseWrapper.lib(AkIndexable.obj)' or at 'C:\Users\Miles\documents\visual studio 2015\Projects\WwiseSharpUWP\Release\WwiseSharpUWP\AkSoundEngine.pdb'; linking object as if no debug info
WwiseWrapper.lib(AkGen3DParams.obj) : warning LNK4099: PDB 'AkSoundEngine.pdb' was not found with 'WwiseWrapper.lib(AkGen3DParams.obj)' or at 'C:\Users\Miles\documents\visual studio 2015\Projects\WwiseSharpUWP\Release\WwiseSharpUWP\AkSoundEngine.pdb'; linking object as if no debug info
WwiseWrapper.lib(AkFXMemAlloc.obj) : warning LNK4099: PDB 'AkSoundEngine.pdb' was not found with 'WwiseWrapper.lib(AkFXMemAlloc.obj)' or at 'C:\Users\Miles\documents\visual studio 2015\Projects\WwiseSharpUWP\Release\WwiseSharpUWP\AkSoundEngine.pdb'; linking object as if no debug info
WwiseWrapper.lib(AkFXContext.obj) : warning LNK4099: PDB 'AkSoundEngine.pdb' was not found with 'WwiseWrapper.lib(AkFXContext.obj)' or at 'C:\Users\Miles\documents\visual studio 2015\Projects\WwiseSharpUWP\Release\WwiseSharpUWP\AkSoundEngine.pdb'; linking object as if no debug info
WwiseWrapper.lib(AkFxBase.obj) : warning LNK4099: PDB 'AkSoundEngine.pdb' was not found with 'WwiseWrapper.lib(AkFxBase.obj)' or at 'C:\Users\Miles\documents\visual studio 2015\Projects\WwiseSharpUWP\Release\WwiseSharpUWP\AkSoundEngine.pdb'; linking object as if no debug info
WwiseWrapper.lib(AkFileParserBase.obj) : warning LNK4099: PDB 'AkSoundEngine.pdb' was not found with 'WwiseWrapper.lib(AkFileParserBase.obj)' or at 'C:\Users\Miles\documents\visual studio 2015\Projects\WwiseSharpUWP\Release\WwiseSharpUWP\AkSoundEngine.pdb'; linking object as if no debug info
WwiseWrapper.lib(AkEvent.obj) : warning LNK4099: PDB 'AkSoundEngine.pdb' was not found with 'WwiseWrapper.lib(AkEvent.obj)' or at 'C:\Users\Miles\documents\visual studio 2015\Projects\WwiseSharpUWP\Release\WwiseSharpUWP\AkSoundEngine.pdb'; linking object as if no debug info
WwiseWrapper.lib(AkEnvironmentsMgr.obj) : warning LNK4099: PDB 'AkSoundEngine.pdb' was not found with 'WwiseWrapper.lib(AkEnvironmentsMgr.obj)' or at 'C:\Users\Miles\documents\visual studio 2015\Projects\WwiseSharpUWP\Release\WwiseSharpUWP\AkSoundEngine.pdb'; linking object as if no debug info
WwiseWrapper.lib(AkEffectsMgr.obj) : warning LNK4099: PDB 'AkSoundEngine.pdb' was not found with 'WwiseWrapper.lib(AkEffectsMgr.obj)' or at 'C:\Users\Miles\documents\visual studio 2015\Projects\WwiseSharpUWP\Release\WwiseSharpUWP\AkSoundEngine.pdb'; linking object as if no debug info
WwiseWrapper.lib(AkDynamicSequencePBI.obj) : warning LNK4099: PDB 'AkSoundEngine.pdb' was not found with 'WwiseWrapper.lib(AkDynamicSequencePBI.obj)' or at 'C:\Users\Miles\documents\visual studio 2015\Projects\WwiseSharpUWP\Release\WwiseSharpUWP\AkSoundEngine.pdb'; linking object as if no debug info
WwiseWrapper.lib(AkDynamicSequence.obj) : warning LNK4099: PDB 'AkSoundEngine.pdb' was not found with 'WwiseWrapper.lib(AkDynamicSequence.obj)' or at 'C:\Users\Miles\documents\visual studio 2015\Projects\WwiseSharpUWP\Release\WwiseSharpUWP\AkSoundEngine.pdb'; linking object as if no debug info
WwiseWrapper.lib(AkDuckItem.obj) : warning LNK4099: PDB 'AkSoundEngine.pdb' was not found with 'WwiseWrapper.lib(AkDuckItem.obj)' or at 'C:\Users\Miles\documents\visual studio 2015\Projects\WwiseSharpUWP\Release\WwiseSharpUWP\AkSoundEngine.pdb'; linking object as if no debug info
WwiseWrapper.lib(AkDialogueEvent.obj) : warning LNK4099: PDB 'AkSoundEngine.pdb' was not found with 'WwiseWrapper.lib(AkDialogueEvent.obj)' or at 'C:\Users\Miles\documents\visual studio 2015\Projects\WwiseSharpUWP\Release\WwiseSharpUWP\AkSoundEngine.pdb'; linking object as if no debug info
WwiseWrapper.lib(AkDecisionTree.obj) : warning LNK4099: PDB 'AkSoundEngine.pdb' was not found with 'WwiseWrapper.lib(AkDecisionTree.obj)' or at 'C:\Users\Miles\documents\visual studio 2015\Projects\WwiseSharpUWP\Release\WwiseSharpUWP\AkSoundEngine.pdb'; linking object as if no debug info
WwiseWrapper.lib(AkContinuousPBI.obj) : warning LNK4099: PDB 'AkSoundEngine.pdb' was not found with 'WwiseWrapper.lib(AkContinuousPBI.obj)' or at 'C:\Users\Miles\documents\visual studio 2015\Projects\WwiseSharpUWP\Release\WwiseSharpUWP\AkSoundEngine.pdb'; linking object as if no debug info
WwiseWrapper.lib(AkContinuationList.obj) : warning LNK4099: PDB 'AkSoundEngine.pdb' was not found with 'WwiseWrapper.lib(AkContinuationList.obj)' or at 'C:\Users\Miles\documents\visual studio 2015\Projects\WwiseSharpUWP\Release\WwiseSharpUWP\AkSoundEngine.pdb'; linking object as if no debug info
WwiseWrapper.lib(AkContainerBase.obj) : warning LNK4099: PDB 'AkSoundEngine.pdb' was not found with 'WwiseWrapper.lib(AkContainerBase.obj)' or at 'C:\Users\Miles\documents\visual studio 2015\Projects\WwiseSharpUWP\Release\WwiseSharpUWP\AkSoundEngine.pdb'; linking object as if no debug info
WwiseWrapper.lib(AkCommon.obj) : warning LNK4099: PDB 'AkSoundEngine.pdb' was not found with 'WwiseWrapper.lib(AkCommon.obj)' or at 'C:\Users\Miles\documents\visual studio 2015\Projects\WwiseSharpUWP\Release\WwiseSharpUWP\AkSoundEngine.pdb'; linking object as if no debug info
WwiseWrapper.lib(AkCaptureMgr.obj) : warning LNK4099: PDB 'AkSoundEngine.pdb' was not found with 'WwiseWrapper.lib(AkCaptureMgr.obj)' or at 'C:\Users\Miles\documents\visual studio 2015\Projects\WwiseSharpUWP\Release\WwiseSharpUWP\AkSoundEngine.pdb'; linking object as if no debug info
WwiseWrapper.lib(AkBytesMem.obj) : warning LNK4099: PDB 'AkSoundEngine.pdb' was not found with 'WwiseWrapper.lib(AkBytesMem.obj)' or at 'C:\Users\Miles\documents\visual studio 2015\Projects\WwiseSharpUWP\Release\WwiseSharpUWP\AkSoundEngine.pdb'; linking object as if no debug info
WwiseWrapper.lib(AkBusCtx.obj) : warning LNK4099: PDB 'AkSoundEngine.pdb' was not found with 'WwiseWrapper.lib(AkBusCtx.obj)' or at 'C:\Users\Miles\documents\visual studio 2015\Projects\WwiseSharpUWP\Release\WwiseSharpUWP\AkSoundEngine.pdb'; linking object as if no debug info
WwiseWrapper.lib(AkBusCallbackMgr.obj) : warning LNK4099: PDB 'AkSoundEngine.pdb' was not found with 'WwiseWrapper.lib(AkBusCallbackMgr.obj)' or at 'C:\Users\Miles\documents\visual studio 2015\Projects\WwiseSharpUWP\Release\WwiseSharpUWP\AkSoundEngine.pdb'; linking object as if no debug info
WwiseWrapper.lib(AkBus.obj) : warning LNK4099: PDB 'AkSoundEngine.pdb' was not found with 'WwiseWrapper.lib(AkBus.obj)' or at 'C:\Users\Miles\documents\visual studio 2015\Projects\WwiseSharpUWP\Release\WwiseSharpUWP\AkSoundEngine.pdb'; linking object as if no debug info
WwiseWrapper.lib(AkBehavioralCtx.obj) : warning LNK4099: PDB 'AkSoundEngine.pdb' was not found with 'WwiseWrapper.lib(AkBehavioralCtx.obj)' or at 'C:\Users\Miles\documents\visual studio 2015\Projects\WwiseSharpUWP\Release\WwiseSharpUWP\AkSoundEngine.pdb'; linking object as if no debug info
WwiseWrapper.lib(AkBankReader.obj) : warning LNK4099: PDB 'AkSoundEngine.pdb' was not found with 'WwiseWrapper.lib(AkBankReader.obj)' or at 'C:\Users\Miles\documents\visual studio 2015\Projects\WwiseSharpUWP\Release\WwiseSharpUWP\AkSoundEngine.pdb'; linking object as if no debug info
WwiseWrapper.lib(AkBankMgr.obj) : warning LNK4099: PDB 'AkSoundEngine.pdb' was not found with 'WwiseWrapper.lib(AkBankMgr.obj)' or at 'C:\Users\Miles\documents\visual studio 2015\Projects\WwiseSharpUWP\Release\WwiseSharpUWP\AkSoundEngine.pdb'; linking object as if no debug info
WwiseWrapper.lib(AkBankList.obj) : warning LNK4099: PDB 'AkSoundEngine.pdb' was not found with 'WwiseWrapper.lib(AkBankList.obj)' or at 'C:\Users\Miles\documents\visual studio 2015\Projects\WwiseSharpUWP\Release\WwiseSharpUWP\AkSoundEngine.pdb'; linking object as if no debug info
WwiseWrapper.lib(AkBankCallbackMgr.obj) : warning LNK4099: PDB 'AkSoundEngine.pdb' was not found with 'WwiseWrapper.lib(AkBankCallbackMgr.obj)' or at 'C:\Users\Miles\documents\visual studio 2015\Projects\WwiseSharpUWP\Release\WwiseSharpUWP\AkSoundEngine.pdb'; linking object as if no debug info
WwiseWrapper.lib(AkAuxBus.obj) : warning LNK4099: PDB 'AkSoundEngine.pdb' was not found with 'WwiseWrapper.lib(AkAuxBus.obj)' or at 'C:\Users\Miles\documents\visual studio 2015\Projects\WwiseSharpUWP\Release\WwiseSharpUWP\AkSoundEngine.pdb'; linking object as if no debug info
WwiseWrapper.lib(AkAudioMix.obj) : warning LNK4099: PDB 'AkSoundEngine.pdb' was not found with 'WwiseWrapper.lib(AkAudioMix.obj)' or at 'C:\Users\Miles\documents\visual studio 2015\Projects\WwiseSharpUWP\Release\WwiseSharpUWP\AkSoundEngine.pdb'; linking object as if no debug info
WwiseWrapper.lib(AkAudioMgr.obj) : warning LNK4099: PDB 'AkSoundEngine.pdb' was not found with 'WwiseWrapper.lib(AkAudioMgr.obj)' or at 'C:\Users\Miles\documents\visual studio 2015\Projects\WwiseSharpUWP\Release\WwiseSharpUWP\AkSoundEngine.pdb'; linking object as if no debug info
WwiseWrapper.lib(AkAudioLibTimer.obj) : warning LNK4099: PDB 'AkSoundEngine.pdb' was not found with 'WwiseWrapper.lib(AkAudioLibTimer.obj)' or at 'C:\Users\Miles\documents\visual studio 2015\Projects\WwiseSharpUWP\Release\WwiseSharpUWP\AkSoundEngine.pdb'; linking object as if no debug info
WwiseWrapper.lib(AkAudioLibIndex.obj) : warning LNK4099: PDB 'AkSoundEngine.pdb' was not found with 'WwiseWrapper.lib(AkAudioLibIndex.obj)' or at 'C:\Users\Miles\documents\visual studio 2015\Projects\WwiseSharpUWP\Release\WwiseSharpUWP\AkSoundEngine.pdb'; linking object as if no debug info
WwiseWrapper.lib(AkAudioLib.obj) : warning LNK4099: PDB 'AkSoundEngine.pdb' was not found with 'WwiseWrapper.lib(AkAudioLib.obj)' or at 'C:\Users\Miles\documents\visual studio 2015\Projects\WwiseSharpUWP\Release\WwiseSharpUWP\AkSoundEngine.pdb'; linking object as if no debug info
WwiseWrapper.lib(AkAttenuationMgr.obj) : warning LNK4099: PDB 'AkSoundEngine.pdb' was not found with 'WwiseWrapper.lib(AkAttenuationMgr.obj)' or at 'C:\Users\Miles\documents\visual studio 2015\Projects\WwiseSharpUWP\Release\WwiseSharpUWP\AkSoundEngine.pdb'; linking object as if no debug info
WwiseWrapper.lib(AkActorMixer.obj) : warning LNK4099: PDB 'AkSoundEngine.pdb' was not found with 'WwiseWrapper.lib(AkActorMixer.obj)' or at 'C:\Users\Miles\documents\visual studio 2015\Projects\WwiseSharpUWP\Release\WwiseSharpUWP\AkSoundEngine.pdb'; linking object as if no debug info
WwiseWrapper.lib(AkActionUseState.obj) : warning LNK4099: PDB 'AkSoundEngine.pdb' was not found with 'WwiseWrapper.lib(AkActionUseState.obj)' or at 'C:\Users\Miles\documents\visual studio 2015\Projects\WwiseSharpUWP\Release\WwiseSharpUWP\AkSoundEngine.pdb'; linking object as if no debug info
WwiseWrapper.lib(AkActionTrigger.obj) : warning LNK4099: PDB 'AkSoundEngine.pdb' was not found with 'WwiseWrapper.lib(AkActionTrigger.obj)' or at 'C:\Users\Miles\documents\visual studio 2015\Projects\WwiseSharpUWP\Release\WwiseSharpUWP\AkSoundEngine.pdb'; linking object as if no debug info
WwiseWrapper.lib(AkActionStop.obj) : warning LNK4099: PDB 'AkSoundEngine.pdb' was not found with 'WwiseWrapper.lib(AkActionStop.obj)' or at 'C:\Users\Miles\documents\visual studio 2015\Projects\WwiseSharpUWP\Release\WwiseSharpUWP\AkSoundEngine.pdb'; linking object as if no debug info
WwiseWrapper.lib(AkActionSetValue.obj) : warning LNK4099: PDB 'AkSoundEngine.pdb' was not found with 'WwiseWrapper.lib(AkActionSetValue.obj)' or at 'C:\Users\Miles\documents\visual studio 2015\Projects\WwiseSharpUWP\Release\WwiseSharpUWP\AkSoundEngine.pdb'; linking object as if no debug info
WwiseWrapper.lib(AkActionSetSwitch.obj) : warning LNK4099: PDB 'AkSoundEngine.pdb' was not found with 'WwiseWrapper.lib(AkActionSetSwitch.obj)' or at 'C:\Users\Miles\documents\visual studio 2015\Projects\WwiseSharpUWP\Release\WwiseSharpUWP\AkSoundEngine.pdb'; linking object as if no debug info
WwiseWrapper.lib(AkActionSetState.obj) : warning LNK4099: PDB 'AkSoundEngine.pdb' was not found with 'WwiseWrapper.lib(AkActionSetState.obj)' or at 'C:\Users\Miles\documents\visual studio 2015\Projects\WwiseSharpUWP\Release\WwiseSharpUWP\AkSoundEngine.pdb'; linking object as if no debug info
WwiseWrapper.lib(AkActionSetGameParameter.obj) : warning LNK4099: PDB 'AkSoundEngine.pdb' was not found with 'WwiseWrapper.lib(AkActionSetGameParameter.obj)' or at 'C:\Users\Miles\documents\visual studio 2015\Projects\WwiseSharpUWP\Release\WwiseSharpUWP\AkSoundEngine.pdb'; linking object as if no debug info
WwiseWrapper.lib(AkActionSetAkProp.obj) : warning LNK4099: PDB 'AkSoundEngine.pdb' was not found with 'WwiseWrapper.lib(AkActionSetAkProp.obj)' or at 'C:\Users\Miles\documents\visual studio 2015\Projects\WwiseSharpUWP\Release\WwiseSharpUWP\AkSoundEngine.pdb'; linking object as if no debug info
WwiseWrapper.lib(AkActionSeek.obj) : warning LNK4099: PDB 'AkSoundEngine.pdb' was not found with 'WwiseWrapper.lib(AkActionSeek.obj)' or at 'C:\Users\Miles\documents\visual studio 2015\Projects\WwiseSharpUWP\Release\WwiseSharpUWP\AkSoundEngine.pdb'; linking object as if no debug info
WwiseWrapper.lib(AkActionResume.obj) : warning LNK4099: PDB 'AkSoundEngine.pdb' was not found with 'WwiseWrapper.lib(AkActionResume.obj)' or at 'C:\Users\Miles\documents\visual studio 2015\Projects\WwiseSharpUWP\Release\WwiseSharpUWP\AkSoundEngine.pdb'; linking object as if no debug info
WwiseWrapper.lib(AkActionResetPlaylist.obj) : warning LNK4099: PDB 'AkSoundEngine.pdb' was not found with 'WwiseWrapper.lib(AkActionResetPlaylist.obj)' or at 'C:\Users\Miles\documents\visual studio 2015\Projects\WwiseSharpUWP\Release\WwiseSharpUWP\AkSoundEngine.pdb'; linking object as if no debug info
WwiseWrapper.lib(AkActionRelease.obj) : warning LNK4099: PDB 'AkSoundEngine.pdb' was not found with 'WwiseWrapper.lib(AkActionRelease.obj)' or at 'C:\Users\Miles\documents\visual studio 2015\Projects\WwiseSharpUWP\Release\WwiseSharpUWP\AkSoundEngine.pdb'; linking object as if no debug info
WwiseWrapper.lib(AkActionPlayEvent.obj) : warning LNK4099: PDB 'AkSoundEngine.pdb' was not found with 'WwiseWrapper.lib(AkActionPlayEvent.obj)' or at 'C:\Users\Miles\documents\visual studio 2015\Projects\WwiseSharpUWP\Release\WwiseSharpUWP\AkSoundEngine.pdb'; linking object as if no debug info
WwiseWrapper.lib(AkActionPlayAndContinue.obj) : warning LNK4099: PDB 'AkSoundEngine.pdb' was not found with 'WwiseWrapper.lib(AkActionPlayAndContinue.obj)' or at 'C:\Users\Miles\documents\visual studio 2015\Projects\WwiseSharpUWP\Release\WwiseSharpUWP\AkSoundEngine.pdb'; linking object as if no debug info
WwiseWrapper.lib(AkActionPlay.obj) : warning LNK4099: PDB 'AkSoundEngine.pdb' was not found with 'WwiseWrapper.lib(AkActionPlay.obj)' or at 'C:\Users\Miles\documents\visual studio 2015\Projects\WwiseSharpUWP\Release\WwiseSharpUWP\AkSoundEngine.pdb'; linking object as if no debug info
WwiseWrapper.lib(AkActionPause.obj) : warning LNK4099: PDB 'AkSoundEngine.pdb' was not found with 'WwiseWrapper.lib(AkActionPause.obj)' or at 'C:\Users\Miles\documents\visual studio 2015\Projects\WwiseSharpUWP\Release\WwiseSharpUWP\AkSoundEngine.pdb'; linking object as if no debug info
WwiseWrapper.lib(AkActionMute.obj) : warning LNK4099: PDB 'AkSoundEngine.pdb' was not found with 'WwiseWrapper.lib(AkActionMute.obj)' or at 'C:\Users\Miles\documents\visual studio 2015\Projects\WwiseSharpUWP\Release\WwiseSharpUWP\AkSoundEngine.pdb'; linking object as if no debug info
WwiseWrapper.lib(AkActionExcept.obj) : warning LNK4099: PDB 'AkSoundEngine.pdb' was not found with 'WwiseWrapper.lib(AkActionExcept.obj)' or at 'C:\Users\Miles\documents\visual studio 2015\Projects\WwiseSharpUWP\Release\WwiseSharpUWP\AkSoundEngine.pdb'; linking object as if no debug info
WwiseWrapper.lib(AkActionDuck.obj) : warning LNK4099: PDB 'AkSoundEngine.pdb' was not found with 'WwiseWrapper.lib(AkActionDuck.obj)' or at 'C:\Users\Miles\documents\visual studio 2015\Projects\WwiseSharpUWP\Release\WwiseSharpUWP\AkSoundEngine.pdb'; linking object as if no debug info
WwiseWrapper.lib(AkActionBypassFX.obj) : warning LNK4099: PDB 'AkSoundEngine.pdb' was not found with 'WwiseWrapper.lib(AkActionBypassFX.obj)' or at 'C:\Users\Miles\documents\visual studio 2015\Projects\WwiseSharpUWP\Release\WwiseSharpUWP\AkSoundEngine.pdb'; linking object as if no debug info
WwiseWrapper.lib(AkActionBreak.obj) : warning LNK4099: PDB 'AkSoundEngine.pdb' was not found with 'WwiseWrapper.lib(AkActionBreak.obj)' or at 'C:\Users\Miles\documents\visual studio 2015\Projects\WwiseSharpUWP\Release\WwiseSharpUWP\AkSoundEngine.pdb'; linking object as if no debug info
WwiseWrapper.lib(AkActionActive.obj) : warning LNK4099: PDB 'AkSoundEngine.pdb' was not found with 'WwiseWrapper.lib(AkActionActive.obj)' or at 'C:\Users\Miles\documents\visual studio 2015\Projects\WwiseSharpUWP\Release\WwiseSharpUWP\AkSoundEngine.pdb'; linking object as if no debug info
WwiseWrapper.lib(AkAction.obj) : warning LNK4099: PDB 'AkSoundEngine.pdb' was not found with 'WwiseWrapper.lib(AkAction.obj)' or at 'C:\Users\Miles\documents\visual studio 2015\Projects\WwiseSharpUWP\Release\WwiseSharpUWP\AkSoundEngine.pdb'; linking object as if no debug info
WwiseWrapper.lib(Ak3DListener.obj) : warning LNK4099: PDB 'AkSoundEngine.pdb' was not found with 'WwiseWrapper.lib(Ak3DListener.obj)' or at 'C:\Users\Miles\documents\visual studio 2015\Projects\WwiseSharpUWP\Release\WwiseSharpUWP\AkSoundEngine.pdb'; linking object as if no debug info
WwiseWrapper.lib(AkSinkXAudio2.obj) : warning LNK4099: PDB 'AkSoundEngine.pdb' was not found with 'WwiseWrapper.lib(AkSinkXAudio2.obj)' or at 'C:\Users\Miles\documents\visual studio 2015\Projects\WwiseSharpUWP\Release\WwiseSharpUWP\AkSoundEngine.pdb'; linking object as if no debug info
WwiseWrapper.lib(AkSink.obj) : warning LNK4099: PDB 'AkSoundEngine.pdb' was not found with 'WwiseWrapper.lib(AkSink.obj)' or at 'C:\Users\Miles\documents\visual studio 2015\Projects\WwiseSharpUWP\Release\WwiseSharpUWP\AkSoundEngine.pdb'; linking object as if no debug info
WwiseWrapper.lib(AkLEngine.obj) : warning LNK4099: PDB 'AkSoundEngine.pdb' was not found with 'WwiseWrapper.lib(AkLEngine.obj)' or at 'C:\Users\Miles\documents\visual studio 2015\Projects\WwiseSharpUWP\Release\WwiseSharpUWP\AkSoundEngine.pdb'; linking object as if no debug info
WwiseWrapper.lib(AkAudioThread.obj) : warning LNK4099: PDB 'AkSoundEngine.pdb' was not found with 'WwiseWrapper.lib(AkAudioThread.obj)' or at 'C:\Users\Miles\documents\visual studio 2015\Projects\WwiseSharpUWP\Release\WwiseSharpUWP\AkSoundEngine.pdb'; linking object as if no debug info
WwiseWrapper.lib(stdafx.obj) : warning LNK4099: PDB 'AkSoundEngine.pdb' was not found with 'WwiseWrapper.lib(stdafx.obj)' or at 'C:\Users\Miles\documents\visual studio 2015\Projects\WwiseSharpUWP\Release\WwiseSharpUWP\AkSoundEngine.pdb'; linking object as if no debug info
  WwiseSharpUWP.vcxproj -> C:\Users\Miles\documents\visual studio 2015\Projects\WwiseSharpUWP\Release\WwiseSharpUWP\WwiseSharp.dll
  WwiseSharpUWP.vcxproj -> C:\Users\Miles\documents\visual studio 2015\Projects\WwiseSharpUWP\Release\WwiseSharpUWP\WwiseSharp.pdb (Full PDB)
