c:\users\miles\documents\visual studio 2015\projects\wwisesharpuwp\wwisesharpuwp\debug\wwisesharpgameobject.obj
c:\users\miles\documents\visual studio 2015\projects\wwisesharpuwp\wwisesharpuwp\debug\wwisesharpengine.obj
c:\users\miles\documents\visual studio 2015\projects\wwisesharpuwp\wwisesharpuwp\debug\wwisesharptransform.obj
c:\users\miles\documents\visual studio 2015\projects\wwisesharpuwp\wwisesharpuwp\debug\wwisesharp.pch
c:\users\miles\documents\visual studio 2015\projects\wwisesharpuwp\wwisesharpuwp\debug\vc140.pdb
c:\users\miles\documents\visual studio 2015\projects\wwisesharpuwp\wwisesharpuwp\debug\vc140.idb
c:\users\miles\documents\visual studio 2015\projects\wwisesharpuwp\wwisesharpuwp\debug\pch.obj
c:\users\miles\documents\visual studio 2015\projects\wwisesharpuwp\wwisesharpuwp\debug\dllmain.obj
c:\users\miles\documents\visual studio 2015\projects\wwisesharpuwp\wwisesharpuwp\debug\wwisesharpmusicinfo.obj
c:\users\miles\documents\visual studio 2015\projects\wwisesharpuwp\debug\wwisesharpuwp\wwisesharp.ilk
c:\users\miles\documents\visual studio 2015\projects\wwisesharpuwp\debug\wwisesharpuwp\wwisesharp.dll
c:\users\miles\documents\visual studio 2015\projects\wwisesharpuwp\debug\wwisesharpuwp\wwisesharp.pdb
c:\users\miles\documents\visual studio 2015\projects\wwisesharpuwp\debug\wwisesharpuwp\wwisesharp.lib
c:\users\miles\documents\visual studio 2015\projects\wwisesharpuwp\debug\wwisesharpuwp\wwisesharp.exp
c:\users\miles\documents\visual studio 2015\projects\wwisesharpuwp\wwisesharpuwp\debug\priconfig.xml
c:\users\miles\documents\visual studio 2015\projects\wwisesharpuwp\wwisesharpuwp\debug\priconfig.xml.intermediate
c:\users\miles\documents\visual studio 2015\projects\wwisesharpuwp\wwisesharpuwp\debug\layout.resfiles
c:\users\miles\documents\visual studio 2015\projects\wwisesharpuwp\wwisesharpuwp\debug\layout.resfiles.intermediate
c:\users\miles\documents\visual studio 2015\projects\wwisesharpuwp\wwisesharpuwp\debug\resources.resfiles
c:\users\miles\documents\visual studio 2015\projects\wwisesharpuwp\wwisesharpuwp\debug\resources.resfiles.intermediate
c:\users\miles\documents\visual studio 2015\projects\wwisesharpuwp\wwisesharpuwp\debug\pri.resfiles
c:\users\miles\documents\visual studio 2015\projects\wwisesharpuwp\wwisesharpuwp\debug\pri.resfiles.intermediate
c:\users\miles\documents\visual studio 2015\projects\wwisesharpuwp\debug\wwisesharpuwp\wwisesharpuwp.pri
c:\users\miles\documents\visual studio 2015\projects\wwisesharpuwp\wwisesharpuwp\debug\qualifiers.txt
c:\users\miles\documents\visual studio 2015\projects\wwisesharpuwp\wwisesharpuwp\debug\qualifiers.txt.intermediate
c:\users\miles\documents\visual studio 2015\projects\wwisesharpuwp\wwisesharpuwp\debug\multiplequalifiersperdimensionfound.txt
c:\users\miles\documents\visual studio 2015\projects\wwisesharpuwp\wwisesharpuwp\debug\wwisesharpuwp.vcxprojresolveassemblyreference.cache
c:\users\miles\documents\visual studio 2015\projects\wwisesharpuwp\wwisesharpuwp\debug\embed.resfiles
c:\users\miles\documents\visual studio 2015\projects\wwisesharpuwp\wwisesharpuwp\debug\wwisesharp.tlog\cl.command.1.tlog
c:\users\miles\documents\visual studio 2015\projects\wwisesharpuwp\wwisesharpuwp\debug\wwisesharp.tlog\cl.read.1.tlog
c:\users\miles\documents\visual studio 2015\projects\wwisesharpuwp\wwisesharpuwp\debug\wwisesharp.tlog\cl.write.1.tlog
c:\users\miles\documents\visual studio 2015\projects\wwisesharpuwp\wwisesharpuwp\debug\wwisesharp.tlog\link.command.1.tlog
c:\users\miles\documents\visual studio 2015\projects\wwisesharpuwp\wwisesharpuwp\debug\wwisesharp.tlog\link.read.1.tlog
c:\users\miles\documents\visual studio 2015\projects\wwisesharpuwp\wwisesharpuwp\debug\wwisesharp.tlog\link.write.1.tlog
c:\users\miles\documents\visual studio 2015\projects\wwisesharpuwp\wwisesharpuwp\debug\wwisesharp.tlog\wwisesharp.read.1u.tlog
c:\users\miles\documents\visual studio 2015\projects\wwisesharpuwp\wwisesharpuwp\debug\wwisesharp.tlog\wwisesharp.write.1u.tlog
