c:\users\miles\documents\visual studio 2015\projects\wwisesharpuwp\wwisewrapper\debug\wwisewrapper.pch
c:\users\miles\documents\visual studio 2015\projects\wwisesharpuwp\wwisewrapper\debug\wwisewrapper.pdb
c:\users\miles\documents\visual studio 2015\projects\wwisesharpuwp\wwisewrapper\debug\wwisewrapper.idb
c:\users\miles\documents\visual studio 2015\projects\wwisesharpuwp\wwisewrapper\debug\pch.obj
c:\users\miles\documents\visual studio 2015\projects\wwisesharpuwp\wwisewrapper\debug\akfilelocationbase.obj
c:\users\miles\documents\visual studio 2015\projects\wwisesharpuwp\wwisewrapper\debug\akfilepackage.obj
c:\users\miles\documents\visual studio 2015\projects\wwisesharpuwp\wwisewrapper\debug\threademulation.obj
c:\users\miles\documents\visual studio 2015\projects\wwisesharpuwp\wwisewrapper\debug\akdefaultiohookblocking.obj
c:\users\miles\documents\visual studio 2015\projects\wwisesharpuwp\wwisewrapper\debug\wwiseengine.obj
c:\users\miles\documents\visual studio 2015\projects\wwisesharpuwp\wwisewrapper\debug\akfilepackagelut.obj
c:\users\miles\documents\visual studio 2015\projects\wwisesharpuwp\debug\wwisewrapper\wwisewrapper.lib
c:\users\miles\documents\visual studio 2015\projects\wwisesharpuwp\debug\wwisewrapper\wwisewrapper.pdb
c:\users\miles\documents\visual studio 2015\projects\wwisesharpuwp\wwisewrapper\debug\priconfig.xml
c:\users\miles\documents\visual studio 2015\projects\wwisesharpuwp\wwisewrapper\debug\priconfig.xml.intermediate
c:\users\miles\documents\visual studio 2015\projects\wwisesharpuwp\wwisewrapper\debug\layout.resfiles
c:\users\miles\documents\visual studio 2015\projects\wwisesharpuwp\wwisewrapper\debug\layout.resfiles.intermediate
c:\users\miles\documents\visual studio 2015\projects\wwisesharpuwp\wwisewrapper\debug\resources.resfiles
c:\users\miles\documents\visual studio 2015\projects\wwisesharpuwp\wwisewrapper\debug\resources.resfiles.intermediate
c:\users\miles\documents\visual studio 2015\projects\wwisesharpuwp\wwisewrapper\debug\pri.resfiles
c:\users\miles\documents\visual studio 2015\projects\wwisesharpuwp\wwisewrapper\debug\pri.resfiles.intermediate
c:\users\miles\documents\visual studio 2015\projects\wwisesharpuwp\debug\wwisewrapper\wwisewrapper.pri
c:\users\miles\documents\visual studio 2015\projects\wwisesharpuwp\wwisewrapper\debug\qualifiers.txt
c:\users\miles\documents\visual studio 2015\projects\wwisesharpuwp\wwisewrapper\debug\qualifiers.txt.intermediate
c:\users\miles\documents\visual studio 2015\projects\wwisesharpuwp\wwisewrapper\debug\multiplequalifiersperdimensionfound.txt
c:\users\miles\documents\visual studio 2015\projects\wwisesharpuwp\wwisewrapper\debug\embed.resfiles
c:\users\miles\documents\visual studio 2015\projects\wwisesharpuwp\wwisewrapper\debug\wwisewrapper.tlog\cl.command.1.tlog
c:\users\miles\documents\visual studio 2015\projects\wwisesharpuwp\wwisewrapper\debug\wwisewrapper.tlog\cl.read.1.tlog
c:\users\miles\documents\visual studio 2015\projects\wwisesharpuwp\wwisewrapper\debug\wwisewrapper.tlog\cl.write.1.tlog
c:\users\miles\documents\visual studio 2015\projects\wwisesharpuwp\wwisewrapper\debug\wwisewrapper.tlog\lib-link.read.1.tlog
c:\users\miles\documents\visual studio 2015\projects\wwisesharpuwp\wwisewrapper\debug\wwisewrapper.tlog\lib-link.write.1.tlog
c:\users\miles\documents\visual studio 2015\projects\wwisesharpuwp\wwisewrapper\debug\wwisewrapper.tlog\lib.command.1.tlog
c:\users\miles\documents\visual studio 2015\projects\wwisesharpuwp\wwisewrapper\debug\wwisewrapper.tlog\wwisewrapper.read.1u.tlog
c:\users\miles\documents\visual studio 2015\projects\wwisesharpuwp\wwisewrapper\debug\wwisewrapper.tlog\wwisewrapper.write.1u.tlog
