c:\users\miles\documents\github\wwise-sharp\wwisesharp\wwisesharp\x64\debug\vc140.pdb
c:\users\miles\documents\github\wwise-sharp\wwisesharp\wwisesharp\x64\debug\wwisesharpmusicinfo.obj
c:\users\miles\documents\github\wwise-sharp\wwisesharp\wwisesharp\x64\debug\wwisesharpgameobject.obj
c:\users\miles\documents\github\wwise-sharp\wwisesharp\wwisesharp\x64\debug\wwisesharpengine.obj
c:\users\miles\documents\github\wwise-sharp\wwisesharp\wwisesharp\x64\debug\wwisesharptransform.obj
c:\users\miles\documents\github\wwise-sharp\wwisesharp\wwisesharp\x64\debug\.netframework,version=v4.5.assemblyattributes.obj
c:\users\miles\documents\github\wwise-sharp\wwisesharp\wwisesharp\x64\debug\.netframework,version=v4.5.assemblyattributes.asm
c:\users\miles\documents\github\wwise-sharp\wwisesharp\x64\debug\wwisesharp.dll
c:\users\miles\documents\github\wwise-sharp\wwisesharp\x64\debug\wwisesharp.pdb
c:\users\miles\documents\github\wwise-sharp\wwisesharp\x64\debug\wwisesharp.lib
c:\users\miles\documents\github\wwise-sharp\wwisesharp\x64\debug\wwisesharp.exp
c:\users\miles\documents\github\wwise-sharp\wwisesharp\wwisesharp\x64\debug\wwisesharp.vcxprojresolveassemblyreference.cache
c:\users\miles\documents\github\wwise-sharp\wwisesharp\wwisesharp\x64\debug\wwisesharp.tlog\cl.command.1.tlog
c:\users\miles\documents\github\wwise-sharp\wwisesharp\wwisesharp\x64\debug\wwisesharp.tlog\cl.read.1.tlog
c:\users\miles\documents\github\wwise-sharp\wwisesharp\wwisesharp\x64\debug\wwisesharp.tlog\cl.write.1.tlog
c:\users\miles\documents\github\wwise-sharp\wwisesharp\wwisesharp\x64\debug\wwisesharp.tlog\link.command.1.tlog
c:\users\miles\documents\github\wwise-sharp\wwisesharp\wwisesharp\x64\debug\wwisesharp.tlog\link.read.1.tlog
c:\users\miles\documents\github\wwise-sharp\wwisesharp\wwisesharp\x64\debug\wwisesharp.tlog\link.write.1.tlog
c:\users\miles\documents\github\wwise-sharp\wwisesharp\wwisesharp\x64\debug\wwisesharp.tlog\metagen.read.1.tlog
c:\users\miles\documents\github\wwise-sharp\wwisesharp\wwisesharp\x64\debug\wwisesharp.tlog\metagen.write.1.tlog
c:\users\miles\documents\github\wwise-sharp\wwisesharp\wwisesharp\x64\debug\wwisesharp.tlog\wwisesharp.write.1u.tlog
c:\users\miles\documents\github\wwise-sharp\wwisesharp\wwisesharp\x64\debug\wwisesharp.tlog\tzres.dll.bi
