c:\users\miles\documents\github\wwise-sharp\wwisesharp\wwisesharp\uwp_debug\vc140.pdb
c:\users\miles\documents\github\wwise-sharp\wwisesharp\wwisesharp\uwp_debug\wwisesharpmusicinfo.obj
c:\users\miles\documents\github\wwise-sharp\wwisesharp\wwisesharp\uwp_debug\wwisesharpgameobject.obj
c:\users\miles\documents\github\wwise-sharp\wwisesharp\wwisesharp\uwp_debug\wwisesharpengine.obj
c:\users\miles\documents\github\wwise-sharp\wwisesharp\wwisesharp\uwp_debug\wwisesharptransform.obj
c:\users\miles\documents\github\wwise-sharp\wwisesharp\wwisesharp\uwp_debug\.netframework,version=v4.5.2.assemblyattributes.obj
c:\users\miles\documents\github\wwise-sharp\wwisesharp\wwisesharp\uwp_debug\.netframework,version=v4.5.2.assemblyattributes.asm
c:\users\miles\documents\github\wwise-sharp\wwisesharp\uwp_debug\wwisesharp.pdb
c:\users\miles\documents\github\wwise-sharp\wwisesharp\wwisesharp\uwp_debug\wwisesharp.tlog\cl.command.1.tlog
c:\users\miles\documents\github\wwise-sharp\wwisesharp\wwisesharp\uwp_debug\wwisesharp.tlog\cl.read.1.tlog
c:\users\miles\documents\github\wwise-sharp\wwisesharp\wwisesharp\uwp_debug\wwisesharp.tlog\cl.write.1.tlog
c:\users\miles\documents\github\wwise-sharp\wwisesharp\wwisesharp\uwp_debug\wwisesharp.tlog\link.2208-cvtres.read.1.tlog
c:\users\miles\documents\github\wwise-sharp\wwisesharp\wwisesharp\uwp_debug\wwisesharp.tlog\link.2208-cvtres.write.1.tlog
c:\users\miles\documents\github\wwise-sharp\wwisesharp\wwisesharp\uwp_debug\wwisesharp.tlog\link.2208-rc.read.1.tlog
c:\users\miles\documents\github\wwise-sharp\wwisesharp\wwisesharp\uwp_debug\wwisesharp.tlog\link.2208-rc.write.1.tlog
c:\users\miles\documents\github\wwise-sharp\wwisesharp\wwisesharp\uwp_debug\wwisesharp.tlog\link.2208.read.1.tlog
c:\users\miles\documents\github\wwise-sharp\wwisesharp\wwisesharp\uwp_debug\wwisesharp.tlog\link.2208.write.1.tlog
c:\users\miles\documents\github\wwise-sharp\wwisesharp\wwisesharp\uwp_debug\wwisesharp.tlog\link.372-cvtres.read.1.tlog
c:\users\miles\documents\github\wwise-sharp\wwisesharp\wwisesharp\uwp_debug\wwisesharp.tlog\link.372-cvtres.write.1.tlog
c:\users\miles\documents\github\wwise-sharp\wwisesharp\wwisesharp\uwp_debug\wwisesharp.tlog\link.372-rc.read.1.tlog
c:\users\miles\documents\github\wwise-sharp\wwisesharp\wwisesharp\uwp_debug\wwisesharp.tlog\link.372-rc.write.1.tlog
c:\users\miles\documents\github\wwise-sharp\wwisesharp\wwisesharp\uwp_debug\wwisesharp.tlog\link.372.read.1.tlog
c:\users\miles\documents\github\wwise-sharp\wwisesharp\wwisesharp\uwp_debug\wwisesharp.tlog\link.372.write.1.tlog
c:\users\miles\documents\github\wwise-sharp\wwisesharp\wwisesharp\uwp_debug\wwisesharp.tlog\link.5088-cvtres.read.1.tlog
c:\users\miles\documents\github\wwise-sharp\wwisesharp\wwisesharp\uwp_debug\wwisesharp.tlog\link.5088-cvtres.write.1.tlog
c:\users\miles\documents\github\wwise-sharp\wwisesharp\wwisesharp\uwp_debug\wwisesharp.tlog\link.5088-rc.read.1.tlog
c:\users\miles\documents\github\wwise-sharp\wwisesharp\wwisesharp\uwp_debug\wwisesharp.tlog\link.5088-rc.write.1.tlog
c:\users\miles\documents\github\wwise-sharp\wwisesharp\wwisesharp\uwp_debug\wwisesharp.tlog\link.5088.read.1.tlog
c:\users\miles\documents\github\wwise-sharp\wwisesharp\wwisesharp\uwp_debug\wwisesharp.tlog\link.5088.write.1.tlog
c:\users\miles\documents\github\wwise-sharp\wwisesharp\wwisesharp\uwp_debug\wwisesharp.tlog\link.command.1.tlog
c:\users\miles\documents\github\wwise-sharp\wwisesharp\wwisesharp\uwp_debug\wwisesharp.tlog\link.read.1.tlog
c:\users\miles\documents\github\wwise-sharp\wwisesharp\wwisesharp\uwp_debug\wwisesharp.tlog\link.write.1.tlog
c:\users\miles\documents\github\wwise-sharp\wwisesharp\wwisesharp\uwp_debug\wwisesharp.tlog\metagen.read.1.tlog
c:\users\miles\documents\github\wwise-sharp\wwisesharp\wwisesharp\uwp_debug\wwisesharp.tlog\metagen.write.1.tlog
c:\users\miles\documents\github\wwise-sharp\wwisesharp\wwisesharp\uwp_debug\wwisesharp.tlog\tzres.dll.bi
