  WwiseEngine.cpp
c:\users\miles\documents\github\wwise-sharp\wwisesharp\wwisewrapper\sdk\include\ak\tools\win32\threademulation.h(58): error C4430: missing type specifier - int assumed. Note: C++ does not support default-int
c:\users\miles\documents\github\wwise-sharp\wwisesharp\wwisewrapper\sdk\include\ak\tools\win32\threademulation.h(58): error C2146: syntax error: missing ';' before identifier 'WINAPI'
c:\users\miles\documents\github\wwise-sharp\wwisesharp\wwisewrapper\sdk\include\ak\tools\win32\threademulation.h(59): error C4430: missing type specifier - int assumed. Note: C++ does not support default-int
c:\users\miles\documents\github\wwise-sharp\wwisesharp\wwisewrapper\sdk\include\ak\tools\win32\threademulation.h(59): error C2146: syntax error: missing ';' before identifier 'WINAPI'
c:\users\miles\documents\github\wwise-sharp\wwisesharp\wwisewrapper\sdk\include\ak\tools\win32\threademulation.h(60): error C4430: missing type specifier - int assumed. Note: C++ does not support default-int
c:\users\miles\documents\github\wwise-sharp\wwisesharp\wwisewrapper\sdk\include\ak\tools\win32\threademulation.h(60): error C2146: syntax error: missing ';' before identifier 'WINAPI'
c:\users\miles\documents\github\wwise-sharp\wwisesharp\wwisewrapper\sdk\include\ak\tools\win32\threademulation.h(62): error C4430: missing type specifier - int assumed. Note: C++ does not support default-int
c:\users\miles\documents\github\wwise-sharp\wwisesharp\wwisewrapper\sdk\include\ak\tools\win32\threademulation.h(62): error C2146: syntax error: missing ';' before identifier 'WINAPI'
c:\users\miles\documents\github\wwise-sharp\wwisesharp\wwisewrapper\sdk\include\ak\tools\win32\threademulation.h(63): error C4430: missing type specifier - int assumed. Note: C++ does not support default-int
c:\users\miles\documents\github\wwise-sharp\wwisesharp\wwisewrapper\sdk\include\ak\tools\win32\threademulation.h(63): error C2086: 'int AK::ThreadEmulation::VOID': redefinition
  c:\users\miles\documents\github\wwise-sharp\wwisesharp\wwisewrapper\sdk\include\ak\tools\win32\threademulation.h(62): note: see declaration of 'AK::ThreadEmulation::VOID'
c:\users\miles\documents\github\wwise-sharp\wwisesharp\wwisewrapper\sdk\include\ak\tools\win32\threademulation.h(63): error C2146: syntax error: missing ';' before identifier 'WINAPI'
c:\users\miles\documents\github\wwise-sharp\wwisesharp\wwisewrapper\sdk\include\ak\tools\win32\threademulation.h(84): error C3646: 'lpStartAddress': unknown override specifier
c:\users\miles\documents\github\wwise-sharp\wwisesharp\wwisewrapper\sdk\include\ak\tools\win32\threademulation.h(84): error C4430: missing type specifier - int assumed. Note: C++ does not support default-int
c:\users\miles\documents\github\wwise-sharp\wwisesharp\wwisewrapper\sdk\include\ak\tools\win32\threademulation.h(85): error C3646: 'lpParameter': unknown override specifier
c:\users\miles\documents\github\wwise-sharp\wwisesharp\wwisewrapper\sdk\include\ak\tools\win32\threademulation.h(85): error C4430: missing type specifier - int assumed. Note: C++ does not support default-int
c:\users\miles\documents\github\wwise-sharp\wwisesharp\wwisewrapper\sdk\include\ak\tools\win32\threademulation.h(86): error C3646: 'completionEvent': unknown override specifier
c:\users\miles\documents\github\wwise-sharp\wwisesharp\wwisewrapper\sdk\include\ak\tools\win32\threademulation.h(86): error C4430: missing type specifier - int assumed. Note: C++ does not support default-int
c:\users\miles\documents\github\wwise-sharp\wwisesharp\wwisewrapper\sdk\include\ak\tools\win32\threademulation.h(90): error C2923: 'std::map': 'AK::ThreadEmulation::HANDLE' is not a valid template type argument for parameter '_Kty'
  c:\users\miles\documents\github\wwise-sharp\wwisesharp\wwisewrapper\sdk\include\ak\tools\win32\threademulation.h(58): note: see declaration of 'AK::ThreadEmulation::HANDLE'
c:\users\miles\documents\github\wwise-sharp\wwisesharp\wwisewrapper\sdk\include\ak\tools\win32\threademulation.h(90): error C3203: 'less': unspecialized class template can't be used as a template argument for template parameter '_Pr', expected a real type
c:\program files (x86)\microsoft visual studio 14.0\vc\include\map(70): error C3203: 'pair': unspecialized class template can't be used as a template argument for template parameter '_Ty', expected a real type
c:\users\miles\documents\github\wwise-sharp\wwisesharp\wwisewrapper\sdk\include\ak\tools\win32\threademulation.h(90): error C2133: 'AK::ThreadEmulation::pendingThreads': unknown size
c:\users\miles\documents\github\wwise-sharp\wwisesharp\wwisewrapper\sdk\include\ak\tools\win32\threademulation.h(90): error C2512: 'std::map': no appropriate default constructor available
  c:\program files (x86)\microsoft visual studio 14.0\vc\include\map(72): note: see declaration of 'std::map'
c:\users\miles\documents\github\wwise-sharp\wwisesharp\wwisewrapper\sdk\include\ak\tools\win32\threademulation.h(95): error C2653: 'Windows': is not a class or namespace name
c:\users\miles\documents\github\wwise-sharp\wwisesharp\wwisewrapper\sdk\include\ak\tools\win32\threademulation.h(95): error C4430: missing type specifier - int assumed. Note: C++ does not support default-int
c:\users\miles\documents\github\wwise-sharp\wwisesharp\wwisewrapper\sdk\include\ak\tools\win32\threademulation.h(95): error C2146: syntax error: missing ';' before identifier 'GetWorkItemPriority'
c:\users\miles\documents\github\wwise-sharp\wwisesharp\wwisewrapper\sdk\include\ak\tools\win32\threademulation.h(96): error C4430: missing type specifier - int assumed. Note: C++ does not support default-int
c:\users\miles\documents\github\wwise-sharp\wwisesharp\wwisewrapper\sdk\include\ak\tools\win32\threademulation.h(98): error C2653: 'Windows': is not a class or namespace name
c:\users\miles\documents\github\wwise-sharp\wwisesharp\wwisewrapper\sdk\include\ak\tools\win32\threademulation.h(98): error C2065: 'Low': undeclared identifier
c:\users\miles\documents\github\wwise-sharp\wwisesharp\wwisewrapper\sdk\include\ak\tools\win32\threademulation.h(100): error C2653: 'Windows': is not a class or namespace name
c:\users\miles\documents\github\wwise-sharp\wwisesharp\wwisewrapper\sdk\include\ak\tools\win32\threademulation.h(100): error C2065: 'High': undeclared identifier
c:\users\miles\documents\github\wwise-sharp\wwisesharp\wwisewrapper\sdk\include\ak\tools\win32\threademulation.h(102): error C2653: 'Windows': is not a class or namespace name
c:\users\miles\documents\github\wwise-sharp\wwisesharp\wwisewrapper\sdk\include\ak\tools\win32\threademulation.h(102): error C2065: 'Normal': undeclared identifier
c:\users\miles\documents\github\wwise-sharp\wwisesharp\wwisewrapper\sdk\include\ak\tools\win32\threademulation.h(107): error C2065: 'LPTHREAD_START_ROUTINE': undeclared identifier
c:\users\miles\documents\github\wwise-sharp\wwisesharp\wwisewrapper\sdk\include\ak\tools\win32\threademulation.h(107): error C2146: syntax error: missing ')' before identifier 'lpStartAddress'
c:\users\miles\documents\github\wwise-sharp\wwisesharp\wwisewrapper\sdk\include\ak\tools\win32\threademulation.h(108): error C2143: syntax error: missing ';' before '{'
c:\users\miles\documents\github\wwise-sharp\wwisesharp\wwisewrapper\sdk\include\ak\tools\win32\threademulation.h(108): error C2447: '{': missing function header (old-style formal list?)
c:\users\miles\documents\github\wwise-sharp\wwisesharp\wwisewrapper\sdk\include\ak\tools\win32\threademulation.h(127): error C4430: missing type specifier - int assumed. Note: C++ does not support default-int
c:\users\miles\documents\github\wwise-sharp\wwisesharp\wwisewrapper\sdk\include\ak\tools\win32\threademulation.h(127): error C2086: 'int AK::ThreadEmulation::HANDLE': redefinition
  c:\users\miles\documents\github\wwise-sharp\wwisesharp\wwisewrapper\sdk\include\ak\tools\win32\threademulation.h(58): note: see declaration of 'AK::ThreadEmulation::HANDLE'
c:\users\miles\documents\github\wwise-sharp\wwisesharp\wwisewrapper\sdk\include\ak\tools\win32\threademulation.h(127): error C2146: syntax error: missing ';' before identifier 'WINAPI'
c:\users\miles\documents\github\wwise-sharp\wwisesharp\wwisewrapper\sdk\include\ak\tools\win32\threademulation.h(128): error C2143: syntax error: missing ';' before '{'
c:\users\miles\documents\github\wwise-sharp\wwisesharp\wwisewrapper\sdk\include\ak\tools\win32\threademulation.h(128): error C2447: '{': missing function header (old-style formal list?)
c:\users\miles\documents\github\wwise-sharp\wwisesharp\wwisewrapper\sdk\include\ak\tools\win32\threademulation.h(184): error C4430: missing type specifier - int assumed. Note: C++ does not support default-int
c:\users\miles\documents\github\wwise-sharp\wwisesharp\wwisewrapper\sdk\include\ak\tools\win32\threademulation.h(184): error C2086: 'int AK::ThreadEmulation::DWORD': redefinition
  c:\users\miles\documents\github\wwise-sharp\wwisesharp\wwisewrapper\sdk\include\ak\tools\win32\threademulation.h(59): note: see declaration of 'AK::ThreadEmulation::DWORD'
c:\users\miles\documents\github\wwise-sharp\wwisesharp\wwisewrapper\sdk\include\ak\tools\win32\threademulation.h(184): error C2146: syntax error: missing ';' before identifier 'WINAPI'
c:\users\miles\documents\github\wwise-sharp\wwisesharp\wwisewrapper\sdk\include\ak\tools\win32\threademulation.h(185): error C2143: syntax error: missing ';' before '{'
c:\users\miles\documents\github\wwise-sharp\wwisesharp\wwisewrapper\sdk\include\ak\tools\win32\threademulation.h(185): error C2447: '{': missing function header (old-style formal list?)
c:\users\miles\documents\github\wwise-sharp\wwisesharp\wwisewrapper\sdk\include\ak\tools\win32\threademulation.h(217): error C4430: missing type specifier - int assumed. Note: C++ does not support default-int
c:\users\miles\documents\github\wwise-sharp\wwisesharp\wwisewrapper\sdk\include\ak\tools\win32\threademulation.h(217): error C2086: 'int AK::ThreadEmulation::BOOL': redefinition
  c:\users\miles\documents\github\wwise-sharp\wwisesharp\wwisewrapper\sdk\include\ak\tools\win32\threademulation.h(60): note: see declaration of 'AK::ThreadEmulation::BOOL'
c:\users\miles\documents\github\wwise-sharp\wwisesharp\wwisewrapper\sdk\include\ak\tools\win32\threademulation.h(217): error C2146: syntax error: missing ';' before identifier 'WINAPI'
c:\users\miles\documents\github\wwise-sharp\wwisesharp\wwisewrapper\sdk\include\ak\tools\win32\threademulation.h(218): error C2143: syntax error: missing ';' before '{'
c:\users\miles\documents\github\wwise-sharp\wwisesharp\wwisewrapper\sdk\include\ak\tools\win32\threademulation.h(218): error C2447: '{': missing function header (old-style formal list?)
c:\users\miles\documents\github\wwise-sharp\wwisesharp\wwisewrapper\sdk\include\ak\tools\win32\threademulation.h(237): error C4430: missing type specifier - int assumed. Note: C++ does not support default-int
c:\users\miles\documents\github\wwise-sharp\wwisesharp\wwisewrapper\sdk\include\ak\tools\win32\threademulation.h(237): error C2086: 'int AK::ThreadEmulation::VOID': redefinition
  c:\users\miles\documents\github\wwise-sharp\wwisesharp\wwisewrapper\sdk\include\ak\tools\win32\threademulation.h(62): note: see declaration of 'AK::ThreadEmulation::VOID'
c:\users\miles\documents\github\wwise-sharp\wwisesharp\wwisewrapper\sdk\include\ak\tools\win32\threademulation.h(237): error C2146: syntax error: missing ';' before identifier 'WINAPI'
c:\users\miles\documents\github\wwise-sharp\wwisesharp\wwisewrapper\sdk\include\ak\tools\win32\threademulation.h(238): error C2143: syntax error: missing ';' before '{'
c:\users\miles\documents\github\wwise-sharp\wwisesharp\wwisewrapper\sdk\include\ak\tools\win32\threademulation.h(238): error C2447: '{': missing function header (old-style formal list?)
c:\users\miles\documents\github\wwise-sharp\wwisesharp\wwisewrapper\sdk\include\ak\tools\win32\threademulation.h(242): error C4430: missing type specifier - int assumed. Note: C++ does not support default-int
c:\users\miles\documents\github\wwise-sharp\wwisesharp\wwisewrapper\sdk\include\ak\tools\win32\threademulation.h(242): error C2086: 'int AK::ThreadEmulation::VOID': redefinition
  c:\users\miles\documents\github\wwise-sharp\wwisesharp\wwisewrapper\sdk\include\ak\tools\win32\threademulation.h(62): note: see declaration of 'AK::ThreadEmulation::VOID'
c:\users\miles\documents\github\wwise-sharp\wwisesharp\wwisewrapper\sdk\include\ak\tools\win32\threademulation.h(242): error C2146: syntax error: missing ';' before identifier 'WINAPI'
c:\users\miles\documents\github\wwise-sharp\wwisesharp\wwisewrapper\sdk\include\ak\tools\win32\threademulation.h(243): error C2143: syntax error: missing ';' before '{'
c:\users\miles\documents\github\wwise-sharp\wwisesharp\wwisewrapper\sdk\include\ak\tools\win32\threademulation.h(243): error C2447: '{': missing function header (old-style formal list?)
c:\users\miles\documents\github\wwise-sharp\wwisesharp\wwisewrapper\sdk\include\ak\tools\win32\akplatformfuncs.h(277): error C2039: 'CreateThread': is not a member of 'AK::ThreadEmulation'
  c:\users\miles\documents\github\wwise-sharp\wwisesharp\wwisewrapper\sdk\include\ak\tools\win32\threademulation.h(79): note: see declaration of 'AK::ThreadEmulation'
c:\users\miles\documents\github\wwise-sharp\wwisesharp\wwisewrapper\sdk\include\ak\tools\win32\akplatformfuncs.h(279): error C2660: 'CreateThread': function does not take 3 arguments
c:\users\miles\documents\github\wwise-sharp\wwisesharp\wwisewrapper\sdk\include\ak\tools\win32\akplatformfuncs.h(339): error C2039: 'Sleep': is not a member of 'AK::ThreadEmulation'
  c:\users\miles\documents\github\wwise-sharp\wwisesharp\wwisewrapper\sdk\include\ak\tools\win32\threademulation.h(79): note: see declaration of 'AK::ThreadEmulation'
  Generating Code...
  Compiling...
  AkFileLocationBase.cpp
  Generating Code...
  Compiling...
  AkDefaultIOHookBlocking.cpp
  AkFilePackageLUT.cpp
  AkFilePackage.cpp
  Generating Code...
