c:\users\miles\documents\github\wwise-sharp\wwisesharp\wwisesharp\win32release\vc140.pdb
c:\users\miles\documents\github\wwise-sharp\wwisesharp\wwisesharp\win32release\wwisesharpmusicinfo.obj
c:\users\miles\documents\github\wwise-sharp\wwisesharp\wwisesharp\win32release\wwisesharpgameobject.obj
c:\users\miles\documents\github\wwise-sharp\wwisesharp\wwisesharp\win32release\wwisesharpengine.obj
c:\users\miles\documents\github\wwise-sharp\wwisesharp\wwisesharp\win32release\wwisesharptransform.obj
c:\users\miles\documents\github\wwise-sharp\wwisesharp\wwisesharp\win32release\.netframework,version=v4.5.assemblyattributes.obj
c:\users\miles\documents\github\wwise-sharp\wwisesharp\wwisesharp\win32release\.netframework,version=v4.5.assemblyattributes.asm
c:\users\miles\documents\github\wwise-sharp\wwisesharp\win32release\wwisesharp.dll
c:\users\miles\documents\github\wwise-sharp\wwisesharp\win32release\wwisesharp.ipdb
c:\users\miles\documents\github\wwise-sharp\wwisesharp\win32release\wwisesharp.iobj
c:\users\miles\documents\github\wwise-sharp\wwisesharp\win32release\wwisesharp.pdb
c:\users\miles\documents\github\wwise-sharp\wwisesharp\win32release\wwisesharp.lib
c:\users\miles\documents\github\wwise-sharp\wwisesharp\win32release\wwisesharp.exp
c:\users\miles\documents\github\wwise-sharp\wwisesharp\wwisesharp\win32release\wwisesharp.tlog\cl.command.1.tlog
c:\users\miles\documents\github\wwise-sharp\wwisesharp\wwisesharp\win32release\wwisesharp.tlog\cl.read.1.tlog
c:\users\miles\documents\github\wwise-sharp\wwisesharp\wwisesharp\win32release\wwisesharp.tlog\cl.write.1.tlog
c:\users\miles\documents\github\wwise-sharp\wwisesharp\wwisesharp\win32release\wwisesharp.tlog\link.command.1.tlog
c:\users\miles\documents\github\wwise-sharp\wwisesharp\wwisesharp\win32release\wwisesharp.tlog\link.read.1.tlog
c:\users\miles\documents\github\wwise-sharp\wwisesharp\wwisesharp\win32release\wwisesharp.tlog\link.write.1.tlog
c:\users\miles\documents\github\wwise-sharp\wwisesharp\wwisesharp\win32release\wwisesharp.tlog\metagen.read.1.tlog
c:\users\miles\documents\github\wwise-sharp\wwisesharp\wwisesharp\win32release\wwisesharp.tlog\metagen.write.1.tlog
c:\users\miles\documents\github\wwise-sharp\wwisesharp\wwisesharp\win32release\wwisesharp.tlog\wwisesharp.write.1u.tlog
c:\users\miles\documents\github\wwise-sharp\wwisesharp\wwisesharp\win32release\wwisesharp.tlog\tzres.dll.bi
