c:\users\miles\documents\github\wwisesharp\wwisesharp\wwisesharp\wwisesharp\release\vc120.pdb
c:\users\miles\documents\github\wwisesharp\wwisesharp\wwisesharp\wwisesharp\release\wwisesharpsoundposition.obj
c:\users\miles\documents\github\wwisesharp\wwisesharp\wwisesharp\wwisesharp\release\wwisesharpmusicinfo.obj
c:\users\miles\documents\github\wwisesharp\wwisesharp\wwisesharp\wwisesharp\release\wwisesharplistenerposition.obj
c:\users\miles\documents\github\wwisesharp\wwisesharp\wwisesharp\wwisesharp\release\wwisesharpgameobject.obj
c:\users\miles\documents\github\wwisesharp\wwisesharp\wwisesharp\wwisesharp\release\wwisesharpengine.obj
c:\users\miles\documents\github\wwisesharp\wwisesharp\wwisesharp\wwisesharp\release\.netframework,version=v4.0.assemblyattributes.obj
c:\users\miles\documents\github\wwisesharp\wwisesharp\wwisesharp\release\wwisesharp.dll
c:\users\miles\documents\github\wwisesharp\wwisesharp\wwisesharp\release\wwisesharp.pdb
c:\users\miles\documents\github\wwisesharp\wwisesharp\wwisesharp\release\wwisesharp.lib
c:\users\miles\documents\github\wwisesharp\wwisesharp\wwisesharp\release\wwisesharp.exp
c:\users\miles\documents\github\wwisesharp\wwisesharp\wwisesharp\wwisesharp\release\wwisesharp.vcxprojresolveassemblyreference.cache
c:\users\miles\documents\github\wwisesharp\wwisesharp\wwisesharp\wwisesharp\release\wwisesharp.tlog\cl.command.1.tlog
c:\users\miles\documents\github\wwisesharp\wwisesharp\wwisesharp\wwisesharp\release\wwisesharp.tlog\cl.read.1.tlog
c:\users\miles\documents\github\wwisesharp\wwisesharp\wwisesharp\wwisesharp\release\wwisesharp.tlog\cl.write.1.tlog
c:\users\miles\documents\github\wwisesharp\wwisesharp\wwisesharp\wwisesharp\release\wwisesharp.tlog\link.command.1.tlog
c:\users\miles\documents\github\wwisesharp\wwisesharp\wwisesharp\wwisesharp\release\wwisesharp.tlog\link.read.1.tlog
c:\users\miles\documents\github\wwisesharp\wwisesharp\wwisesharp\wwisesharp\release\wwisesharp.tlog\link.write.1.tlog
c:\users\miles\documents\github\wwisesharp\wwisesharp\wwisesharp\wwisesharp\release\wwisesharp.tlog\metagen.read.1.tlog
c:\users\miles\documents\github\wwisesharp\wwisesharp\wwisesharp\wwisesharp\release\wwisesharp.tlog\metagen.write.1.tlog
c:\users\miles\documents\github\wwisesharp\wwisesharp\wwisesharp\wwisesharp\release\wwisesharp.tlog\wwisesharp.write.1u.tlog
c:\users\miles\documents\github\wwisesharp\wwisesharp\wwisesharp\wwisesharp\release\wwisesharp.tlog\rsaenh.dll.bi
c:\users\miles\documents\github\wwisesharp\wwisesharp\wwisesharp\wwisesharp\release\wwisesharp.tlog\tzres.dll.bi
