c:\users\miles\documents\github\wwise-sharp\wwisesharp\wwisesharp\debug\vc140.pdb
c:\users\miles\documents\github\wwise-sharp\wwisesharp\wwisesharp\debug\wwisesharpmusicinfo.obj
c:\users\miles\documents\github\wwise-sharp\wwisesharp\wwisesharp\debug\wwisesharpgameobject.obj
c:\users\miles\documents\github\wwise-sharp\wwisesharp\wwisesharp\debug\wwisesharpengine.obj
c:\users\miles\documents\github\wwise-sharp\wwisesharp\wwisesharp\debug\wwisesharptransform.obj
c:\users\miles\documents\github\wwise-sharp\wwisesharp\wwisesharp\debug\.netframework,version=v4.0.assemblyattributes.obj
c:\users\miles\documents\github\wwise-sharp\wwisesharp\wwisesharp\debug\.netframework,version=v4.0.assemblyattributes.asm
c:\users\miles\documents\github\wwise-sharp\wwisesharp\debug\wwisesharp.pdb
c:\users\miles\documents\github\wwise-sharp\wwisesharp\wwisesharp\debug\wwisesharp.tlog\cl.command.1.tlog
c:\users\miles\documents\github\wwise-sharp\wwisesharp\wwisesharp\debug\wwisesharp.tlog\cl.read.1.tlog
c:\users\miles\documents\github\wwise-sharp\wwisesharp\wwisesharp\debug\wwisesharp.tlog\cl.write.1.tlog
c:\users\miles\documents\github\wwise-sharp\wwisesharp\wwisesharp\debug\wwisesharp.tlog\link.9284-cvtres.read.1.tlog
c:\users\miles\documents\github\wwise-sharp\wwisesharp\wwisesharp\debug\wwisesharp.tlog\link.9284-cvtres.write.1.tlog
c:\users\miles\documents\github\wwise-sharp\wwisesharp\wwisesharp\debug\wwisesharp.tlog\link.9284-rc.read.1.tlog
c:\users\miles\documents\github\wwise-sharp\wwisesharp\wwisesharp\debug\wwisesharp.tlog\link.9284-rc.write.1.tlog
c:\users\miles\documents\github\wwise-sharp\wwisesharp\wwisesharp\debug\wwisesharp.tlog\link.9284.read.1.tlog
c:\users\miles\documents\github\wwise-sharp\wwisesharp\wwisesharp\debug\wwisesharp.tlog\link.9284.write.1.tlog
c:\users\miles\documents\github\wwise-sharp\wwisesharp\wwisesharp\debug\wwisesharp.tlog\link.command.1.tlog
c:\users\miles\documents\github\wwise-sharp\wwisesharp\wwisesharp\debug\wwisesharp.tlog\link.read.1.tlog
c:\users\miles\documents\github\wwise-sharp\wwisesharp\wwisesharp\debug\wwisesharp.tlog\link.write.1.tlog
c:\users\miles\documents\github\wwise-sharp\wwisesharp\wwisesharp\debug\wwisesharp.tlog\metagen.read.1.tlog
c:\users\miles\documents\github\wwise-sharp\wwisesharp\wwisesharp\debug\wwisesharp.tlog\metagen.write.1.tlog
c:\users\miles\documents\github\wwise-sharp\wwisesharp\wwisesharp\debug\wwisesharp.tlog\tzres.dll.bi
