c:\users\miles\documents\github\wwise-sharp\wwisesharp\wwisewrapperuwp\uwp\debug\threademulation.obj
c:\users\miles\documents\github\wwise-sharp\wwisesharp\wwisewrapperuwp\uwp\debug\akdefaultiohookblocking.obj
c:\users\miles\documents\github\wwise-sharp\wwisesharp\wwisewrapperuwp\uwp\debug\wwiseengine.obj
c:\users\miles\documents\github\wwise-sharp\wwisesharp\wwisewrapperuwp\uwp\debug\akfilelocationbase.obj
c:\users\miles\documents\github\wwise-sharp\wwisesharp\wwisewrapperuwp\uwp\debug\akfilepackagelut.obj
c:\users\miles\documents\github\wwise-sharp\wwisesharp\wwisewrapperuwp\uwp\debug\akfilepackage.obj
c:\users\miles\documents\github\wwise-sharp\wwisesharp\wwisewrapperuwp\uwp\debug\wwisewrapperuwp.pdb
c:\users\miles\documents\github\wwise-sharp\wwisesharp\uwp\debug\wwisewrapperuwp\wwisewrapper.lib
c:\users\miles\documents\github\wwise-sharp\wwisesharp\wwisewrapperuwp\uwp\debug\priconfig.xml
c:\users\miles\documents\github\wwise-sharp\wwisesharp\wwisewrapperuwp\uwp\debug\priconfig.xml.intermediate
c:\users\miles\documents\github\wwise-sharp\wwisesharp\wwisewrapperuwp\uwp\debug\layout.resfiles
c:\users\miles\documents\github\wwise-sharp\wwisesharp\wwisewrapperuwp\uwp\debug\layout.resfiles.intermediate
c:\users\miles\documents\github\wwise-sharp\wwisesharp\wwisewrapperuwp\uwp\debug\resources.resfiles
c:\users\miles\documents\github\wwise-sharp\wwisesharp\wwisewrapperuwp\uwp\debug\resources.resfiles.intermediate
c:\users\miles\documents\github\wwise-sharp\wwisesharp\wwisewrapperuwp\uwp\debug\pri.resfiles
c:\users\miles\documents\github\wwise-sharp\wwisesharp\wwisewrapperuwp\uwp\debug\pri.resfiles.intermediate
c:\users\miles\documents\github\wwise-sharp\wwisesharp\uwp\debug\wwisewrapperuwp\wwisewrapperuwp.pri
c:\users\miles\documents\github\wwise-sharp\wwisesharp\wwisewrapperuwp\uwp\debug\qualifiers.txt
c:\users\miles\documents\github\wwise-sharp\wwisesharp\wwisewrapperuwp\uwp\debug\qualifiers.txt.intermediate
c:\users\miles\documents\github\wwise-sharp\wwisesharp\wwisewrapperuwp\uwp\debug\multiplequalifiersperdimensionfound.txt
c:\users\miles\documents\github\wwise-sharp\wwisesharp\wwisewrapperuwp\uwp\debug\embed.resfiles
c:\users\miles\documents\github\wwise-sharp\wwisesharp\wwisewrapperuwp\uwp\debug\wwisewrapperuwp.idb
c:\users\miles\documents\github\wwise-sharp\wwisesharp\wwisewrapperuwp\uwp\debug\wwisewrapperuwp.tlog\cl.command.1.tlog
c:\users\miles\documents\github\wwise-sharp\wwisesharp\wwisewrapperuwp\uwp\debug\wwisewrapperuwp.tlog\cl.read.1.tlog
c:\users\miles\documents\github\wwise-sharp\wwisesharp\wwisewrapperuwp\uwp\debug\wwisewrapperuwp.tlog\cl.write.1.tlog
c:\users\miles\documents\github\wwise-sharp\wwisesharp\wwisewrapperuwp\uwp\debug\wwisewrapperuwp.tlog\lib-link.read.1.tlog
c:\users\miles\documents\github\wwise-sharp\wwisesharp\wwisewrapperuwp\uwp\debug\wwisewrapperuwp.tlog\lib-link.write.1.tlog
c:\users\miles\documents\github\wwise-sharp\wwisesharp\wwisewrapperuwp\uwp\debug\wwisewrapperuwp.tlog\lib.command.1.tlog
c:\users\miles\documents\github\wwise-sharp\wwisesharp\wwisewrapperuwp\uwp\debug\wwisewrapperuwp.tlog\wwisewrapperuwp.read.1u.tlog
c:\users\miles\documents\github\wwise-sharp\wwisesharp\wwisewrapperuwp\uwp\debug\wwisewrapperuwp.tlog\wwisewrapperuwp.write.1u.tlog
