c:\users\miles\documents\github\wwise-sharp\wwisesharp\uwp\debug\vc140.pdb
c:\users\miles\documents\github\wwise-sharp\wwisesharp\uwp\debug\wwisesharpgameobject.obj
c:\users\miles\documents\github\wwise-sharp\wwisesharp\uwp\debug\wwisesharpmusicinfo.obj
c:\users\miles\documents\github\wwise-sharp\wwisesharp\uwp\debug\wwisesharptransform.obj
c:\users\miles\documents\github\wwise-sharp\wwisesharp\uwp\debug\wwisesharpengine.obj
c:\users\miles\documents\github\wwise-sharp\wwisesharp\uwp\debug\wwisesharp.ilk
c:\users\miles\documents\github\wwise-sharp\wwisesharp\uwp\debug\wwisesharp.dll
c:\users\miles\documents\github\wwise-sharp\wwisesharp\uwp\debug\wwisesharp.winmd
c:\users\miles\documents\github\wwise-sharp\wwisesharp\uwp\debug\wwisesharp.pdb
c:\users\miles\documents\github\wwise-sharp\wwisesharp\uwp\debug\wwisesharp.lib
c:\users\miles\documents\github\wwise-sharp\wwisesharp\uwp\debug\wwisesharp.exp
c:\users\miles\documents\github\wwise-sharp\wwisesharp\uwp\debug\priconfig.xml
c:\users\miles\documents\github\wwise-sharp\wwisesharp\uwp\debug\priconfig.xml.intermediate
c:\users\miles\documents\github\wwise-sharp\wwisesharp\uwp\debug\layout.resfiles
c:\users\miles\documents\github\wwise-sharp\wwisesharp\uwp\debug\layout.resfiles.intermediate
c:\users\miles\documents\github\wwise-sharp\wwisesharp\uwp\debug\resources.resfiles
c:\users\miles\documents\github\wwise-sharp\wwisesharp\uwp\debug\resources.resfiles.intermediate
c:\users\miles\documents\github\wwise-sharp\wwisesharp\uwp\debug\pri.resfiles
c:\users\miles\documents\github\wwise-sharp\wwisesharp\uwp\debug\pri.resfiles.intermediate
c:\users\miles\documents\github\wwise-sharp\wwisesharp\uwp\debug\wwisesharpuwp.pri
c:\users\miles\documents\github\wwise-sharp\wwisesharp\uwp\debug\qualifiers.txt
c:\users\miles\documents\github\wwise-sharp\wwisesharp\uwp\debug\qualifiers.txt.intermediate
c:\users\miles\documents\github\wwise-sharp\wwisesharp\uwp\debug\multiplequalifiersperdimensionfound.txt
c:\users\miles\documents\github\wwise-sharp\wwisesharp\uwp\debug\wwisesharpuwp.vcxprojresolveassemblyreference.cache
c:\users\miles\documents\github\wwise-sharp\wwisesharp\uwp\debug\akdefaultiohookblocking.obj
c:\users\miles\documents\github\wwise-sharp\wwisesharp\uwp\debug\akfilelocationbase.obj
c:\users\miles\documents\github\wwise-sharp\wwisesharp\uwp\debug\akfilepackage.obj
c:\users\miles\documents\github\wwise-sharp\wwisesharp\uwp\debug\akfilepackagelut.obj
c:\users\miles\documents\github\wwise-sharp\wwisesharp\uwp\debug\threademulation.obj
c:\users\miles\documents\github\wwise-sharp\wwisesharp\uwp\debug\wwiseengine.obj
c:\users\miles\documents\github\wwise-sharp\wwisesharp\uwp\debug\embed.resfiles
c:\users\miles\documents\github\wwise-sharp\wwisesharp\uwp\debug\vc140.idb
c:\users\miles\documents\github\wwise-sharp\wwisesharp\uwp\debug\wwisewrapperuwp.idb
c:\users\miles\documents\github\wwise-sharp\wwisesharp\uwp\debug\wwisewrapperuwp.pdb
c:\users\miles\documents\github\wwise-sharp\wwisesharp\\uwp\debug\wwisesharp.pdb
c:\users\miles\documents\github\wwise-sharp\wwisesharp\\uwp\debug\wwisesharp.dll
c:\users\miles\documents\github\wwise-sharp\wwisesharp\\uwp\debug\wwisesharp.ilk
c:\users\miles\documents\github\wwise-sharp\wwisesharp\uwp\debug\wwisesharpuwp.tlog\cl.command.1.tlog
c:\users\miles\documents\github\wwise-sharp\wwisesharp\uwp\debug\wwisesharpuwp.tlog\cl.read.1.tlog
c:\users\miles\documents\github\wwise-sharp\wwisesharp\uwp\debug\wwisesharpuwp.tlog\cl.write.1.tlog
c:\users\miles\documents\github\wwise-sharp\wwisesharp\uwp\debug\wwisesharpuwp.tlog\link.command.1.tlog
c:\users\miles\documents\github\wwise-sharp\wwisesharp\uwp\debug\wwisesharpuwp.tlog\link.read.1.tlog
c:\users\miles\documents\github\wwise-sharp\wwisesharp\uwp\debug\wwisesharpuwp.tlog\link.write.1.tlog
c:\users\miles\documents\github\wwise-sharp\wwisesharp\uwp\debug\wwisesharpuwp.tlog\wwisesharpuwp.read.1u.tlog
c:\users\miles\documents\github\wwise-sharp\wwisesharp\uwp\debug\wwisesharpuwp.tlog\wwisesharpuwp.write.1u.tlog
